<?xml version="1.0" encoding="UTF-8"?>
<testsuite name="test.StudentProfileTest" tests="6" skipped="0" failures="0" errors="0" timestamp="2024-02-02T07:16:24" hostname="DESKTOP-84P9B6H" time="24.176">
  <properties/>
  <testcase name="0. Enter Students Profile Test" classname="test.StudentProfileTest" time="12.871"/>
  <testcase name="1. Enter Cyrillic First Name" classname="test.StudentProfileTest" time="3.527"/>
  <testcase name="2. Enter Too Long Cyrillic First Name" classname="test.StudentProfileTest" time="4.301"/>
  <testcase name="3. Enter Too Short Cyrillic First Name" classname="test.StudentProfileTest" time="0.691"/>
  <testcase name="4. Enter Cyrillic First Name With Hyphen" classname="test.StudentProfileTest" time="1.613"/>
  <testcase name="6. Enter Space In First Name Field" classname="test.StudentProfileTest" time="1.149"/>
  <system-out><![CDATA[10:15:34.022 [Test worker] DEBUG io.github.bonigarcia.wdm.cache.ResolutionCache - Resolution chrome=121 in cache (valid until 10:58:36 02/02/2024 MSK)
10:15:34.084 [Test worker] DEBUG io.github.bonigarcia.wdm.cache.ResolutionCache - Resolution chrome121=121.0.6167.85 in cache (valid until 11:25:11 02/02/2024 MSK)
10:15:34.084 [Test worker] INFO io.github.bonigarcia.wdm.WebDriverManager - Using chromedriver 121.0.6167.85 (resolved driver for Chrome 121)
10:15:34.443 [Test worker] DEBUG io.github.bonigarcia.wdm.WebDriverManager - Driver chromedriver 121.0.6167.85 found in cache
10:15:34.443 [Test worker] INFO io.github.bonigarcia.wdm.WebDriverManager - Exporting webdriver.chrome.driver as C:\Users\asus\.cache\selenium\chromedriver\win64\121.0.6167.85\chromedriver.exe
10:15:36.811 [Test worker] DEBUG io.netty.util.internal.logging.InternalLoggerFactory - Using SLF4J as the default logging framework
10:15:36.811 [Test worker] DEBUG io.netty.util.ResourceLeakDetector - -Dio.netty.leakDetection.level: simple
10:15:36.811 [Test worker] DEBUG io.netty.util.ResourceLeakDetector - -Dio.netty.leakDetection.targetRecords: 4
10:15:36.858 [Test worker] DEBUG io.netty.util.ResourceLeakDetectorFactory - Loaded default ResourceLeakDetector: io.netty.util.ResourceLeakDetector@3711c71c
10:15:37.045 [Test worker] DEBUG io.netty.util.internal.PlatformDependent0 - -Dio.netty.noUnsafe: false
10:15:37.045 [Test worker] DEBUG io.netty.util.internal.PlatformDependent0 - Java version: 11
10:15:37.092 [Test worker] DEBUG io.netty.util.internal.PlatformDependent0 - sun.misc.Unsafe.theUnsafe: available
10:15:37.092 [Test worker] DEBUG io.netty.util.internal.PlatformDependent0 - sun.misc.Unsafe.copyMemory: available
10:15:37.092 [Test worker] DEBUG io.netty.util.internal.PlatformDependent0 - sun.misc.Unsafe.storeFence: available
10:15:37.092 [Test worker] DEBUG io.netty.util.internal.PlatformDependent0 - java.nio.Buffer.address: available
10:15:37.092 [Test worker] DEBUG io.netty.util.internal.PlatformDependent0 - direct buffer constructor: unavailable: Reflective setAccessible(true) disabled
10:15:37.092 [Test worker] DEBUG io.netty.util.internal.PlatformDependent0 - java.nio.Bits.unaligned: available, true
10:15:37.092 [Test worker] DEBUG io.netty.util.internal.PlatformDependent0 - jdk.internal.misc.Unsafe.allocateUninitializedArray(int): unavailable: class io.netty.util.internal.PlatformDependent0$7 cannot access class jdk.internal.misc.Unsafe (in module java.base) because module java.base does not export jdk.internal.misc to unnamed module @6950e31
10:15:37.108 [Test worker] DEBUG io.netty.util.internal.PlatformDependent0 - java.nio.DirectByteBuffer.<init>(long, int): unavailable
10:15:37.108 [Test worker] DEBUG io.netty.util.internal.PlatformDependent - sun.misc.Unsafe: available
10:15:37.248 [Test worker] DEBUG io.netty.util.internal.PlatformDependent - maxDirectMemory: 536870912 bytes (maybe)
10:15:37.248 [Test worker] DEBUG io.netty.util.internal.PlatformDependent - -Dio.netty.tmpdir: C:\Users\asus\AppData\Local\Temp (java.io.tmpdir)
10:15:37.248 [Test worker] DEBUG io.netty.util.internal.PlatformDependent - -Dio.netty.bitMode: 64 (sun.arch.data.model)
10:15:37.248 [Test worker] DEBUG io.netty.util.internal.PlatformDependent - Platform: Windows
10:15:37.295 [Test worker] DEBUG io.netty.util.internal.PlatformDependent - -Dio.netty.maxDirectMemory: -1 bytes
10:15:37.295 [Test worker] DEBUG io.netty.util.internal.PlatformDependent - -Dio.netty.uninitializedArrayAllocationThreshold: -1
10:15:37.295 [Test worker] DEBUG io.netty.util.internal.CleanerJava9 - java.nio.ByteBuffer.cleaner(): available
10:15:37.295 [Test worker] DEBUG io.netty.util.internal.PlatformDependent - -Dio.netty.noPreferDirect: false
10:15:37.342 [Test worker] DEBUG io.netty.util.internal.PlatformDependent - org.jctools-core.MpscChunkedArrayQueue: available
10:15:37.813 [Test worker] DEBUG io.netty.util.internal.InternalThreadLocalMap - -Dio.netty.threadLocalMap.stringBuilder.initialSize: 1024
10:15:37.813 [Test worker] DEBUG io.netty.util.internal.InternalThreadLocalMap - -Dio.netty.threadLocalMap.stringBuilder.maxSize: 4096
10:15:38.244 [Test worker] DEBUG io.netty.handler.ssl.JdkSslContext - Default protocols (JDK): [TLSv1.3, TLSv1.2] 
10:15:38.244 [Test worker] DEBUG io.netty.handler.ssl.JdkSslContext - Default cipher suites (JDK): [TLS_ECDHE_ECDSA_WITH_AES_256_GCM_SHA384, TLS_ECDHE_ECDSA_WITH_AES_128_GCM_SHA256, TLS_ECDHE_RSA_WITH_AES_128_GCM_SHA256, TLS_ECDHE_RSA_WITH_AES_256_GCM_SHA384, TLS_ECDHE_RSA_WITH_AES_128_CBC_SHA, TLS_ECDHE_RSA_WITH_AES_256_CBC_SHA, TLS_RSA_WITH_AES_128_GCM_SHA256, TLS_RSA_WITH_AES_128_CBC_SHA, TLS_RSA_WITH_AES_256_CBC_SHA, TLS_AES_128_GCM_SHA256, TLS_AES_256_GCM_SHA384]
10:15:38.526 [Test worker] DEBUG io.netty.util.concurrent.GlobalEventExecutor - -Dio.netty.globalEventExecutor.quietPeriodSeconds: 1
10:15:38.812 [Test worker] DEBUG io.netty.channel.MultithreadEventLoopGroup - -Dio.netty.eventLoopThreads: 8
10:15:38.922 [Test worker] DEBUG io.netty.channel.nio.NioEventLoop - -Dio.netty.noKeySetOptimization: false
10:15:38.922 [Test worker] DEBUG io.netty.channel.nio.NioEventLoop - -Dio.netty.selectorAutoRebuildThreshold: 512
10:15:39.331 [Test worker] DEBUG io.netty.buffer.PooledByteBufAllocator - -Dio.netty.allocator.numHeapArenas: 8
10:15:39.331 [Test worker] DEBUG io.netty.buffer.PooledByteBufAllocator - -Dio.netty.allocator.numDirectArenas: 8
10:15:39.331 [Test worker] DEBUG io.netty.buffer.PooledByteBufAllocator - -Dio.netty.allocator.pageSize: 8192
10:15:39.331 [Test worker] DEBUG io.netty.buffer.PooledByteBufAllocator - -Dio.netty.allocator.maxOrder: 9
10:15:39.331 [Test worker] DEBUG io.netty.buffer.PooledByteBufAllocator - -Dio.netty.allocator.chunkSize: 4194304
10:15:39.331 [Test worker] DEBUG io.netty.buffer.PooledByteBufAllocator - -Dio.netty.allocator.smallCacheSize: 256
10:15:39.331 [Test worker] DEBUG io.netty.buffer.PooledByteBufAllocator - -Dio.netty.allocator.normalCacheSize: 64
10:15:39.331 [Test worker] DEBUG io.netty.buffer.PooledByteBufAllocator - -Dio.netty.allocator.maxCachedBufferCapacity: 32768
10:15:39.331 [Test worker] DEBUG io.netty.buffer.PooledByteBufAllocator - -Dio.netty.allocator.cacheTrimInterval: 8192
10:15:39.331 [Test worker] DEBUG io.netty.buffer.PooledByteBufAllocator - -Dio.netty.allocator.cacheTrimIntervalMillis: 0
10:15:39.331 [Test worker] DEBUG io.netty.buffer.PooledByteBufAllocator - -Dio.netty.allocator.useCacheForAllThreads: false
10:15:39.331 [Test worker] DEBUG io.netty.buffer.PooledByteBufAllocator - -Dio.netty.allocator.maxCachedByteBuffersPerChunk: 1023
10:15:39.381 [Test worker] DEBUG io.netty.buffer.ByteBufUtil - -Dio.netty.allocator.type: pooled
10:15:39.381 [Test worker] DEBUG io.netty.buffer.ByteBufUtil - -Dio.netty.threadLocalDirectBufferSize: 0
10:15:39.381 [Test worker] DEBUG io.netty.buffer.ByteBufUtil - -Dio.netty.maxThreadLocalCharBufferSize: 16384
10:15:42.854 [Forwarding newSession on session null to remote] DEBUG io.netty.channel.DefaultChannelId - -Dio.netty.processId: 508 (auto-detected)
10:15:42.900 [Forwarding newSession on session null to remote] DEBUG io.netty.util.NetUtil - -Djava.net.preferIPv4Stack: false
10:15:42.900 [Forwarding newSession on session null to remote] DEBUG io.netty.util.NetUtil - -Djava.net.preferIPv6Addresses: false
10:15:43.122 [Forwarding newSession on session null to remote] DEBUG io.netty.util.NetUtilInitializations - Loopback interface: lo (Software Loopback Interface 1, 127.0.0.1)
10:15:43.122 [Forwarding newSession on session null to remote] DEBUG io.netty.util.NetUtil - Failed to get SOMAXCONN from sysctl and file \proc\sys\net\core\somaxconn. Default: 200
10:15:43.154 [Forwarding newSession on session null to remote] DEBUG io.netty.channel.DefaultChannelId - -Dio.netty.machineId: 40:9f:38:ff:fe:7a:c1:fb (auto-detected)
10:15:43.613 [AsyncHttpClient-1-2] DEBUG io.netty.buffer.AbstractByteBuf - -Dio.netty.buffer.checkAccessible: true
10:15:43.613 [AsyncHttpClient-1-2] DEBUG io.netty.buffer.AbstractByteBuf - -Dio.netty.buffer.checkBounds: true
10:15:43.613 [AsyncHttpClient-1-2] DEBUG io.netty.util.ResourceLeakDetectorFactory - Loaded default ResourceLeakDetector: io.netty.util.ResourceLeakDetector@89ba178
10:15:43.723 [AsyncHttpClient-1-2] DEBUG org.asynchttpclient.netty.channel.NettyConnectListener - Using new Channel '[id: 0x8698a373, L:/127.0.0.1:51090 - R:localhost/127.0.0.1:20497]' for 'POST' to '/session'
10:15:43.801 [AsyncHttpClient-1-2] DEBUG io.netty.util.Recycler - -Dio.netty.recycler.maxCapacityPerThread: 4096
10:15:43.801 [AsyncHttpClient-1-2] DEBUG io.netty.util.Recycler - -Dio.netty.recycler.ratio: 8
10:15:43.801 [AsyncHttpClient-1-2] DEBUG io.netty.util.Recycler - -Dio.netty.recycler.chunkSize: 32
10:15:43.801 [AsyncHttpClient-1-2] DEBUG io.netty.util.Recycler - -Dio.netty.recycler.blocking: false
10:15:43.801 [AsyncHttpClient-1-2] DEBUG io.netty.util.Recycler - -Dio.netty.recycler.batchFastThreadLocalOnly: true
10:15:59.045 [AsyncHttpClient-1-2] DEBUG io.netty.handler.codec.compression.Brotli - brotli4j not in the classpath; Brotli support will be unavailable.
10:15:59.045 [AsyncHttpClient-1-2] DEBUG org.asynchttpclient.netty.handler.HttpHandler - 

Request DefaultHttpRequest(decodeResult: success, version: HTTP/1.1)
POST /session HTTP/1.1
User-Agent: selenium/4.8.2 (java windows)
Content-Length: 561
Content-Type: application/json; charset=utf-8
host: localhost:20497
accept: */*

Response DefaultHttpResponse(decodeResult: success, version: HTTP/1.1)
HTTP/1.1 200 OK
Content-Length: 894
Content-Type: application/json; charset=utf-8
cache-control: no-cache

10:15:59.138 [AsyncHttpClient-1-2] DEBUG org.asynchttpclient.netty.channel.ChannelManager - Adding key: http://localhost:20497 for channel [id: 0x8698a373, L:/127.0.0.1:51090 - R:localhost/127.0.0.1:20497]
10:15:59.266 [AsyncHttpClient-1-1] DEBUG org.asynchttpclient.netty.channel.DefaultChannelPool - Entry count for : http://localhost:20497 : 1
10:16:00.379 [AsyncHttpClient-1-1] DEBUG org.asynchttpclient.netty.channel.DefaultChannelPool - Entry count for : http://localhost:20497 : 1
10:16:01.171 [AsyncHttpClient-1-3] DEBUG org.asynchttpclient.netty.channel.NettyConnectListener - Using new Channel '[id: 0x82ae4178, L:/127.0.0.1:51097 - R:localhost/127.0.0.1:51091]' for 'GET' to '/json/version'
10:16:01.171 [AsyncHttpClient-1-3] DEBUG org.asynchttpclient.netty.handler.HttpHandler - 

Request DefaultFullHttpRequest(decodeResult: success, version: HTTP/1.1, content: EmptyByteBufBE)
GET /json/version HTTP/1.1
User-Agent: selenium/4.8.2 (java windows)
host: localhost:51091
accept: */*

Response DefaultHttpResponse(decodeResult: success, version: HTTP/1.1)
HTTP/1.1 200 OK
Content-Security-Policy: frame-ancestors 'none'
Content-Length: 443
Content-Type: application/json; charset=UTF-8

10:16:01.171 [AsyncHttpClient-1-3] DEBUG org.asynchttpclient.netty.channel.ChannelManager - Adding key: http://localhost:51091 for channel [id: 0x82ae4178, L:/127.0.0.1:51097 - R:localhost/127.0.0.1:51091]
10:16:01.280 [Test worker] DEBUG io.netty.util.internal.ThreadLocalRandom - -Dio.netty.initialSeedUniquifier: 0x47074c15d8722abb
10:16:01.468 [AsyncHttpClient-1-1] DEBUG org.asynchttpclient.netty.channel.DefaultChannelPool - Entry count for : http://localhost:51091 : 1
10:16:01.468 [AsyncHttpClient-1-1] DEBUG org.asynchttpclient.netty.channel.DefaultChannelPool - Entry count for : http://localhost:20497 : 1
10:16:01.683 [AsyncHttpClient-1-4] DEBUG org.asynchttpclient.netty.channel.NettyConnectListener - Using new Channel '[id: 0x7e1b72c6, L:/127.0.0.1:51098 - R:localhost/127.0.0.1:51091]' for 'GET' to '/devtools/browser/7cbfa7a7-0e64-4364-b37c-a91e6b84227b'
10:16:01.698 [AsyncHttpClient-1-4] DEBUG org.asynchttpclient.netty.handler.WebSocketHandler - 

Request DefaultFullHttpRequest(decodeResult: success, version: HTTP/1.1, content: EmptyByteBufBE)
GET /devtools/browser/7cbfa7a7-0e64-4364-b37c-a91e6b84227b HTTP/1.1
upgrade: websocket
connection: upgrade
sec-websocket-key: DbV9+pHA2q3xFFz7lt2UEQ==
sec-websocket-version: 13
origin: http://localhost:51091
host: localhost:51091
accept: */*
user-agent: AHC/2.1

Response DefaultHttpResponse(decodeResult: success, version: HTTP/1.1)
HTTP/1.1 101 WebSocket Protocol Handshake
Upgrade: WebSocket
Connection: Upgrade
Sec-WebSocket-Accept: IRo/9ngh+si9Nwcp18fxDjA/2FY=

10:16:02.570 [AsyncHttpClient-1-1] DEBUG org.asynchttpclient.netty.channel.DefaultChannelPool - Entry count for : http://localhost:51091 : 1
10:16:02.570 [AsyncHttpClient-1-1] DEBUG org.asynchttpclient.netty.channel.DefaultChannelPool - Entry count for : http://localhost:20497 : 1
10:16:03.675 [AsyncHttpClient-1-1] DEBUG org.asynchttpclient.netty.channel.DefaultChannelPool - Entry count for : http://localhost:51091 : 1
10:16:03.675 [AsyncHttpClient-1-1] DEBUG org.asynchttpclient.netty.channel.DefaultChannelPool - Entry count for : http://localhost:20497 : 1
10:16:04.166 [Forwarding get on session be95b9a5f7a2ebebb1ad77425e97ecce to remote] DEBUG org.asynchttpclient.netty.request.NettyRequestSender - Using pooled Channel '[id: 0x8698a373, L:/127.0.0.1:51090 - R:localhost/127.0.0.1:20497]' for 'POST' to 'http://localhost:20497/session/be95b9a5f7a2ebebb1ad77425e97ecce/url'
10:16:04.166 [Forwarding get on session be95b9a5f7a2ebebb1ad77425e97ecce to remote] DEBUG org.asynchttpclient.netty.request.NettyRequestSender - Using open Channel [id: 0x8698a373, L:/127.0.0.1:51090 - R:localhost/127.0.0.1:20497] for POST '/session/be95b9a5f7a2ebebb1ad77425e97ecce/url'
10:16:04.765 [AsyncHttpClient-1-1] DEBUG org.asynchttpclient.netty.channel.DefaultChannelPool - Entry count for : http://localhost:51091 : 1
10:16:05.866 [AsyncHttpClient-1-1] DEBUG org.asynchttpclient.netty.channel.DefaultChannelPool - Entry count for : http://localhost:51091 : 1
10:16:06.969 [AsyncHttpClient-1-1] DEBUG org.asynchttpclient.netty.channel.DefaultChannelPool - Entry count for : http://localhost:51091 : 1
10:16:08.067 [AsyncHttpClient-1-1] DEBUG org.asynchttpclient.netty.channel.DefaultChannelPool - Entry count for : http://localhost:51091 : 1
10:16:09.165 [AsyncHttpClient-1-1] DEBUG org.asynchttpclient.netty.channel.DefaultChannelPool - Entry count for : http://localhost:51091 : 1
10:16:10.270 [AsyncHttpClient-1-1] DEBUG org.asynchttpclient.netty.channel.DefaultChannelPool - Entry count for : http://localhost:51091 : 1
10:16:11.376 [AsyncHttpClient-1-1] DEBUG org.asynchttpclient.netty.channel.DefaultChannelPool - Entry count for : http://localhost:51091 : 1
10:16:12.466 [AsyncHttpClient-1-1] DEBUG org.asynchttpclient.netty.channel.DefaultChannelPool - Entry count for : http://localhost:51091 : 1
10:16:13.571 [AsyncHttpClient-1-1] DEBUG org.asynchttpclient.netty.channel.DefaultChannelPool - Entry count for : http://localhost:51091 : 1
10:16:14.675 [AsyncHttpClient-1-1] DEBUG org.asynchttpclient.netty.channel.DefaultChannelPool - Entry count for : http://localhost:51091 : 1
10:16:15.770 [AsyncHttpClient-1-1] DEBUG org.asynchttpclient.netty.channel.DefaultChannelPool - Entry count for : http://localhost:51091 : 1
10:16:16.867 [AsyncHttpClient-1-1] DEBUG org.asynchttpclient.netty.channel.DefaultChannelPool - Entry count for : http://localhost:51091 : 1
10:16:17.975 [AsyncHttpClient-1-1] DEBUG org.asynchttpclient.netty.channel.DefaultChannelPool - Entry count for : http://localhost:51091 : 1
10:16:19.076 [AsyncHttpClient-1-1] DEBUG org.asynchttpclient.netty.channel.DefaultChannelPool - Entry count for : http://localhost:51091 : 1
10:16:20.168 [AsyncHttpClient-1-1] DEBUG org.asynchttpclient.netty.channel.DefaultChannelPool - Entry count for : http://localhost:51091 : 1
10:16:21.271 [AsyncHttpClient-1-1] DEBUG org.asynchttpclient.netty.channel.DefaultChannelPool - Entry count for : http://localhost:51091 : 1
10:16:22.368 [AsyncHttpClient-1-1] DEBUG org.asynchttpclient.netty.channel.DefaultChannelPool - Entry count for : http://localhost:51091 : 1
10:16:23.265 [AsyncHttpClient-1-2] DEBUG org.asynchttpclient.netty.handler.HttpHandler - 

Request DefaultHttpRequest(decodeResult: success, version: HTTP/1.1)
POST /session/be95b9a5f7a2ebebb1ad77425e97ecce/url HTTP/1.1
User-Agent: selenium/4.8.2 (java windows)
Content-Length: 60
Content-Type: application/json; charset=utf-8
host: localhost:20497
accept: */*

Response DefaultHttpResponse(decodeResult: success, version: HTTP/1.1)
HTTP/1.1 200 OK
Content-Length: 14
Content-Type: application/json; charset=utf-8
cache-control: no-cache

10:16:23.266 [AsyncHttpClient-1-2] DEBUG org.asynchttpclient.netty.channel.ChannelManager - Adding key: http://localhost:20497 for channel [id: 0x8698a373, L:/127.0.0.1:51090 - R:localhost/127.0.0.1:20497]
10:16:23.466 [AsyncHttpClient-1-1] DEBUG org.asynchttpclient.netty.channel.DefaultChannelPool - Entry count for : http://localhost:51091 : 1
10:16:23.466 [AsyncHttpClient-1-1] DEBUG org.asynchttpclient.netty.channel.DefaultChannelPool - Entry count for : http://localhost:20497 : 1
10:16:24.574 [AsyncHttpClient-1-1] DEBUG org.asynchttpclient.netty.channel.DefaultChannelPool - Entry count for : http://localhost:51091 : 1
10:16:24.574 [AsyncHttpClient-1-1] DEBUG org.asynchttpclient.netty.channel.DefaultChannelPool - Entry count for : http://localhost:20497 : 1
10:16:25.207 [Forwarding findElement on session be95b9a5f7a2ebebb1ad77425e97ecce to remote] DEBUG org.asynchttpclient.netty.request.NettyRequestSender - Using pooled Channel '[id: 0x8698a373, L:/127.0.0.1:51090 - R:localhost/127.0.0.1:20497]' for 'POST' to 'http://localhost:20497/session/be95b9a5f7a2ebebb1ad77425e97ecce/element'
10:16:25.207 [Forwarding findElement on session be95b9a5f7a2ebebb1ad77425e97ecce to remote] DEBUG org.asynchttpclient.netty.request.NettyRequestSender - Using open Channel [id: 0x8698a373, L:/127.0.0.1:51090 - R:localhost/127.0.0.1:20497] for POST '/session/be95b9a5f7a2ebebb1ad77425e97ecce/element'
10:16:25.367 [AsyncHttpClient-1-2] DEBUG org.asynchttpclient.netty.handler.HttpHandler - 

Request DefaultHttpRequest(decodeResult: success, version: HTTP/1.1)
POST /session/be95b9a5f7a2ebebb1ad77425e97ecce/element HTTP/1.1
User-Agent: selenium/4.8.2 (java windows)
Content-Length: 109
Content-Type: application/json; charset=utf-8
host: localhost:20497
accept: */*

Response DefaultHttpResponse(decodeResult: success, version: HTTP/1.1)
HTTP/1.1 200 OK
Content-Length: 94
Content-Type: application/json; charset=utf-8
cache-control: no-cache

10:16:25.368 [AsyncHttpClient-1-2] DEBUG org.asynchttpclient.netty.channel.ChannelManager - Adding key: http://localhost:20497 for channel [id: 0x8698a373, L:/127.0.0.1:51090 - R:localhost/127.0.0.1:20497]
10:16:25.417 [Forwarding isElementDisplayed on session be95b9a5f7a2ebebb1ad77425e97ecce to remote] DEBUG org.asynchttpclient.netty.request.NettyRequestSender - Using pooled Channel '[id: 0x8698a373, L:/127.0.0.1:51090 - R:localhost/127.0.0.1:20497]' for 'POST' to 'http://localhost:20497/session/be95b9a5f7a2ebebb1ad77425e97ecce/execute/sync'
10:16:25.417 [Forwarding isElementDisplayed on session be95b9a5f7a2ebebb1ad77425e97ecce to remote] DEBUG org.asynchttpclient.netty.request.NettyRequestSender - Using open Channel [id: 0x8698a373, L:/127.0.0.1:51090 - R:localhost/127.0.0.1:20497] for POST '/session/be95b9a5f7a2ebebb1ad77425e97ecce/execute/sync'
10:16:25.467 [AsyncHttpClient-1-2] DEBUG org.asynchttpclient.netty.handler.HttpHandler - 

Request DefaultHttpRequest(decodeResult: success, version: HTTP/1.1)
POST /session/be95b9a5f7a2ebebb1ad77425e97ecce/execute/sync HTTP/1.1
User-Agent: selenium/4.8.2 (java windows)
Content-Length: 48813
Content-Type: application/json; charset=utf-8
host: localhost:20497
accept: */*

Response DefaultHttpResponse(decodeResult: success, version: HTTP/1.1)
HTTP/1.1 200 OK
Content-Length: 14
Content-Type: application/json; charset=utf-8
cache-control: no-cache

10:16:25.468 [AsyncHttpClient-1-2] DEBUG org.asynchttpclient.netty.channel.ChannelManager - Adding key: http://localhost:20497 for channel [id: 0x8698a373, L:/127.0.0.1:51090 - R:localhost/127.0.0.1:20497]
10:16:25.472 [Forwarding findElement on session be95b9a5f7a2ebebb1ad77425e97ecce to remote] DEBUG org.asynchttpclient.netty.request.NettyRequestSender - Using pooled Channel '[id: 0x8698a373, L:/127.0.0.1:51090 - R:localhost/127.0.0.1:20497]' for 'POST' to 'http://localhost:20497/session/be95b9a5f7a2ebebb1ad77425e97ecce/element'
10:16:25.472 [Forwarding findElement on session be95b9a5f7a2ebebb1ad77425e97ecce to remote] DEBUG org.asynchttpclient.netty.request.NettyRequestSender - Using open Channel [id: 0x8698a373, L:/127.0.0.1:51090 - R:localhost/127.0.0.1:20497] for POST '/session/be95b9a5f7a2ebebb1ad77425e97ecce/element'
10:16:25.491 [AsyncHttpClient-1-2] DEBUG org.asynchttpclient.netty.handler.HttpHandler - 

Request DefaultHttpRequest(decodeResult: success, version: HTTP/1.1)
POST /session/be95b9a5f7a2ebebb1ad77425e97ecce/element HTTP/1.1
User-Agent: selenium/4.8.2 (java windows)
Content-Length: 109
Content-Type: application/json; charset=utf-8
host: localhost:20497
accept: */*

Response DefaultHttpResponse(decodeResult: success, version: HTTP/1.1)
HTTP/1.1 200 OK
Content-Length: 94
Content-Type: application/json; charset=utf-8
cache-control: no-cache

10:16:25.491 [AsyncHttpClient-1-2] DEBUG org.asynchttpclient.netty.channel.ChannelManager - Adding key: http://localhost:20497 for channel [id: 0x8698a373, L:/127.0.0.1:51090 - R:localhost/127.0.0.1:20497]
10:16:25.509 [Forwarding sendKeysToElement on session be95b9a5f7a2ebebb1ad77425e97ecce to remote] DEBUG org.asynchttpclient.netty.request.NettyRequestSender - Using pooled Channel '[id: 0x8698a373, L:/127.0.0.1:51090 - R:localhost/127.0.0.1:20497]' for 'POST' to 'http://localhost:20497/session/be95b9a5f7a2ebebb1ad77425e97ecce/element/8292A92096E0578797AC54C72632F642_element_6/value'
10:16:25.509 [Forwarding sendKeysToElement on session be95b9a5f7a2ebebb1ad77425e97ecce to remote] DEBUG org.asynchttpclient.netty.request.NettyRequestSender - Using open Channel [id: 0x8698a373, L:/127.0.0.1:51090 - R:localhost/127.0.0.1:20497] for POST '/session/be95b9a5f7a2ebebb1ad77425e97ecce/element/8292A92096E0578797AC54C72632F642_element_6/value'
10:16:25.667 [AsyncHttpClient-1-1] DEBUG org.asynchttpclient.netty.channel.DefaultChannelPool - Entry count for : http://localhost:51091 : 1
10:16:25.753 [AsyncHttpClient-1-2] DEBUG org.asynchttpclient.netty.handler.HttpHandler - 

Request DefaultHttpRequest(decodeResult: success, version: HTTP/1.1)
POST /session/be95b9a5f7a2ebebb1ad77425e97ecce/element/8292A92096E0578797AC54C72632F642_element_6/value HTTP/1.1
User-Agent: selenium/4.8.2 (java windows)
Content-Length: 387
Content-Type: application/json; charset=utf-8
host: localhost:20497
accept: */*

Response DefaultHttpResponse(decodeResult: success, version: HTTP/1.1)
HTTP/1.1 200 OK
Content-Length: 14
Content-Type: application/json; charset=utf-8
cache-control: no-cache

10:16:25.754 [AsyncHttpClient-1-2] DEBUG org.asynchttpclient.netty.channel.ChannelManager - Adding key: http://localhost:20497 for channel [id: 0x8698a373, L:/127.0.0.1:51090 - R:localhost/127.0.0.1:20497]
10:16:25.758 [Forwarding findElement on session be95b9a5f7a2ebebb1ad77425e97ecce to remote] DEBUG org.asynchttpclient.netty.request.NettyRequestSender - Using pooled Channel '[id: 0x8698a373, L:/127.0.0.1:51090 - R:localhost/127.0.0.1:20497]' for 'POST' to 'http://localhost:20497/session/be95b9a5f7a2ebebb1ad77425e97ecce/element'
10:16:25.758 [Forwarding findElement on session be95b9a5f7a2ebebb1ad77425e97ecce to remote] DEBUG org.asynchttpclient.netty.request.NettyRequestSender - Using open Channel [id: 0x8698a373, L:/127.0.0.1:51090 - R:localhost/127.0.0.1:20497] for POST '/session/be95b9a5f7a2ebebb1ad77425e97ecce/element'
10:16:25.778 [AsyncHttpClient-1-2] DEBUG org.asynchttpclient.netty.handler.HttpHandler - 

Request DefaultHttpRequest(decodeResult: success, version: HTTP/1.1)
POST /session/be95b9a5f7a2ebebb1ad77425e97ecce/element HTTP/1.1
User-Agent: selenium/4.8.2 (java windows)
Content-Length: 109
Content-Type: application/json; charset=utf-8
host: localhost:20497
accept: */*

Response DefaultHttpResponse(decodeResult: success, version: HTTP/1.1)
HTTP/1.1 200 OK
Content-Length: 95
Content-Type: application/json; charset=utf-8
cache-control: no-cache

10:16:25.779 [AsyncHttpClient-1-2] DEBUG org.asynchttpclient.netty.channel.ChannelManager - Adding key: http://localhost:20497 for channel [id: 0x8698a373, L:/127.0.0.1:51090 - R:localhost/127.0.0.1:20497]
10:16:25.784 [Forwarding sendKeysToElement on session be95b9a5f7a2ebebb1ad77425e97ecce to remote] DEBUG org.asynchttpclient.netty.request.NettyRequestSender - Using pooled Channel '[id: 0x8698a373, L:/127.0.0.1:51090 - R:localhost/127.0.0.1:20497]' for 'POST' to 'http://localhost:20497/session/be95b9a5f7a2ebebb1ad77425e97ecce/element/8292A92096E0578797AC54C72632F642_element_14/value'
10:16:25.784 [Forwarding sendKeysToElement on session be95b9a5f7a2ebebb1ad77425e97ecce to remote] DEBUG org.asynchttpclient.netty.request.NettyRequestSender - Using open Channel [id: 0x8698a373, L:/127.0.0.1:51090 - R:localhost/127.0.0.1:20497] for POST '/session/be95b9a5f7a2ebebb1ad77425e97ecce/element/8292A92096E0578797AC54C72632F642_element_14/value'
10:16:25.877 [AsyncHttpClient-1-2] DEBUG org.asynchttpclient.netty.handler.HttpHandler - 

Request DefaultHttpRequest(decodeResult: success, version: HTTP/1.1)
POST /session/be95b9a5f7a2ebebb1ad77425e97ecce/element/8292A92096E0578797AC54C72632F642_element_14/value HTTP/1.1
User-Agent: selenium/4.8.2 (java windows)
Content-Length: 158
Content-Type: application/json; charset=utf-8
host: localhost:20497
accept: */*

Response DefaultHttpResponse(decodeResult: success, version: HTTP/1.1)
HTTP/1.1 200 OK
Content-Length: 14
Content-Type: application/json; charset=utf-8
cache-control: no-cache

10:16:25.878 [AsyncHttpClient-1-2] DEBUG org.asynchttpclient.netty.channel.ChannelManager - Adding key: http://localhost:20497 for channel [id: 0x8698a373, L:/127.0.0.1:51090 - R:localhost/127.0.0.1:20497]
10:16:25.881 [Forwarding findElement on session be95b9a5f7a2ebebb1ad77425e97ecce to remote] DEBUG org.asynchttpclient.netty.request.NettyRequestSender - Using pooled Channel '[id: 0x8698a373, L:/127.0.0.1:51090 - R:localhost/127.0.0.1:20497]' for 'POST' to 'http://localhost:20497/session/be95b9a5f7a2ebebb1ad77425e97ecce/element'
10:16:25.881 [Forwarding findElement on session be95b9a5f7a2ebebb1ad77425e97ecce to remote] DEBUG org.asynchttpclient.netty.request.NettyRequestSender - Using open Channel [id: 0x8698a373, L:/127.0.0.1:51090 - R:localhost/127.0.0.1:20497] for POST '/session/be95b9a5f7a2ebebb1ad77425e97ecce/element'
10:16:25.897 [AsyncHttpClient-1-2] DEBUG org.asynchttpclient.netty.handler.HttpHandler - 

Request DefaultHttpRequest(decodeResult: success, version: HTTP/1.1)
POST /session/be95b9a5f7a2ebebb1ad77425e97ecce/element HTTP/1.1
User-Agent: selenium/4.8.2 (java windows)
Content-Length: 57
Content-Type: application/json; charset=utf-8
host: localhost:20497
accept: */*

Response DefaultHttpResponse(decodeResult: success, version: HTTP/1.1)
HTTP/1.1 200 OK
Content-Length: 95
Content-Type: application/json; charset=utf-8
cache-control: no-cache

10:16:25.897 [AsyncHttpClient-1-2] DEBUG org.asynchttpclient.netty.channel.ChannelManager - Adding key: http://localhost:20497 for channel [id: 0x8698a373, L:/127.0.0.1:51090 - R:localhost/127.0.0.1:20497]
10:16:25.900 [Forwarding clickElement on session be95b9a5f7a2ebebb1ad77425e97ecce to remote] DEBUG org.asynchttpclient.netty.request.NettyRequestSender - Using pooled Channel '[id: 0x8698a373, L:/127.0.0.1:51090 - R:localhost/127.0.0.1:20497]' for 'POST' to 'http://localhost:20497/session/be95b9a5f7a2ebebb1ad77425e97ecce/element/8292A92096E0578797AC54C72632F642_element_17/click'
10:16:25.900 [Forwarding clickElement on session be95b9a5f7a2ebebb1ad77425e97ecce to remote] DEBUG org.asynchttpclient.netty.request.NettyRequestSender - Using open Channel [id: 0x8698a373, L:/127.0.0.1:51090 - R:localhost/127.0.0.1:20497] for POST '/session/be95b9a5f7a2ebebb1ad77425e97ecce/element/8292A92096E0578797AC54C72632F642_element_17/click'
10:16:25.958 [AsyncHttpClient-1-2] DEBUG org.asynchttpclient.netty.handler.HttpHandler - 

Request DefaultHttpRequest(decodeResult: success, version: HTTP/1.1)
POST /session/be95b9a5f7a2ebebb1ad77425e97ecce/element/8292A92096E0578797AC54C72632F642_element_17/click HTTP/1.1
User-Agent: selenium/4.8.2 (java windows)
Content-Length: 57
Content-Type: application/json; charset=utf-8
host: localhost:20497
accept: */*

Response DefaultHttpResponse(decodeResult: success, version: HTTP/1.1)
HTTP/1.1 200 OK
Content-Length: 14
Content-Type: application/json; charset=utf-8
cache-control: no-cache

10:16:25.959 [AsyncHttpClient-1-2] DEBUG org.asynchttpclient.netty.channel.ChannelManager - Adding key: http://localhost:20497 for channel [id: 0x8698a373, L:/127.0.0.1:51090 - R:localhost/127.0.0.1:20497]
10:16:25.963 [Forwarding findElement on session be95b9a5f7a2ebebb1ad77425e97ecce to remote] DEBUG org.asynchttpclient.netty.request.NettyRequestSender - Using pooled Channel '[id: 0x8698a373, L:/127.0.0.1:51090 - R:localhost/127.0.0.1:20497]' for 'POST' to 'http://localhost:20497/session/be95b9a5f7a2ebebb1ad77425e97ecce/element'
10:16:25.963 [Forwarding findElement on session be95b9a5f7a2ebebb1ad77425e97ecce to remote] DEBUG org.asynchttpclient.netty.request.NettyRequestSender - Using open Channel [id: 0x8698a373, L:/127.0.0.1:51090 - R:localhost/127.0.0.1:20497] for POST '/session/be95b9a5f7a2ebebb1ad77425e97ecce/element'
10:16:25.981 [AsyncHttpClient-1-2] DEBUG org.asynchttpclient.netty.handler.HttpHandler - 

Request DefaultHttpRequest(decodeResult: success, version: HTTP/1.1)
POST /session/be95b9a5f7a2ebebb1ad77425e97ecce/element HTTP/1.1
User-Agent: selenium/4.8.2 (java windows)
Content-Length: 167
Content-Type: application/json; charset=utf-8
host: localhost:20497
accept: */*

Response DefaultHttpResponse(decodeResult: success, version: HTTP/1.1)
HTTP/1.1 404 Not Found
Content-Length: 1125
Content-Type: application/json; charset=utf-8
cache-control: no-cache

10:16:25.982 [AsyncHttpClient-1-2] DEBUG org.asynchttpclient.netty.channel.ChannelManager - Adding key: http://localhost:20497 for channel [id: 0x8698a373, L:/127.0.0.1:51090 - R:localhost/127.0.0.1:20497]
10:16:26.768 [AsyncHttpClient-1-1] DEBUG org.asynchttpclient.netty.channel.DefaultChannelPool - Entry count for : http://localhost:51091 : 1
10:16:26.768 [AsyncHttpClient-1-1] DEBUG org.asynchttpclient.netty.channel.DefaultChannelPool - Entry count for : http://localhost:20497 : 1
10:16:27.036 [Forwarding findElement on session be95b9a5f7a2ebebb1ad77425e97ecce to remote] DEBUG org.asynchttpclient.netty.request.NettyRequestSender - Using pooled Channel '[id: 0x8698a373, L:/127.0.0.1:51090 - R:localhost/127.0.0.1:20497]' for 'POST' to 'http://localhost:20497/session/be95b9a5f7a2ebebb1ad77425e97ecce/element'
10:16:27.036 [Forwarding findElement on session be95b9a5f7a2ebebb1ad77425e97ecce to remote] DEBUG org.asynchttpclient.netty.request.NettyRequestSender - Using open Channel [id: 0x8698a373, L:/127.0.0.1:51090 - R:localhost/127.0.0.1:20497] for POST '/session/be95b9a5f7a2ebebb1ad77425e97ecce/element'
10:16:27.049 [AsyncHttpClient-1-2] DEBUG org.asynchttpclient.netty.handler.HttpHandler - 

Request DefaultHttpRequest(decodeResult: success, version: HTTP/1.1)
POST /session/be95b9a5f7a2ebebb1ad77425e97ecce/element HTTP/1.1
User-Agent: selenium/4.8.2 (java windows)
Content-Length: 167
Content-Type: application/json; charset=utf-8
host: localhost:20497
accept: */*

Response DefaultHttpResponse(decodeResult: success, version: HTTP/1.1)
HTTP/1.1 404 Not Found
Content-Length: 1125
Content-Type: application/json; charset=utf-8
cache-control: no-cache

10:16:27.050 [AsyncHttpClient-1-2] DEBUG org.asynchttpclient.netty.channel.ChannelManager - Adding key: http://localhost:20497 for channel [id: 0x8698a373, L:/127.0.0.1:51090 - R:localhost/127.0.0.1:20497]
10:16:27.571 [Forwarding findElement on session be95b9a5f7a2ebebb1ad77425e97ecce to remote] DEBUG org.asynchttpclient.netty.request.NettyRequestSender - Using pooled Channel '[id: 0x8698a373, L:/127.0.0.1:51090 - R:localhost/127.0.0.1:20497]' for 'POST' to 'http://localhost:20497/session/be95b9a5f7a2ebebb1ad77425e97ecce/element'
10:16:27.571 [Forwarding findElement on session be95b9a5f7a2ebebb1ad77425e97ecce to remote] DEBUG org.asynchttpclient.netty.request.NettyRequestSender - Using open Channel [id: 0x8698a373, L:/127.0.0.1:51090 - R:localhost/127.0.0.1:20497] for POST '/session/be95b9a5f7a2ebebb1ad77425e97ecce/element'
10:16:27.583 [AsyncHttpClient-1-2] DEBUG org.asynchttpclient.netty.handler.HttpHandler - 

Request DefaultHttpRequest(decodeResult: success, version: HTTP/1.1)
POST /session/be95b9a5f7a2ebebb1ad77425e97ecce/element HTTP/1.1
User-Agent: selenium/4.8.2 (java windows)
Content-Length: 167
Content-Type: application/json; charset=utf-8
host: localhost:20497
accept: */*

Response DefaultHttpResponse(decodeResult: success, version: HTTP/1.1)
HTTP/1.1 404 Not Found
Content-Length: 1125
Content-Type: application/json; charset=utf-8
cache-control: no-cache

10:16:27.584 [AsyncHttpClient-1-2] DEBUG org.asynchttpclient.netty.channel.ChannelManager - Adding key: http://localhost:20497 for channel [id: 0x8698a373, L:/127.0.0.1:51090 - R:localhost/127.0.0.1:20497]
10:16:27.870 [AsyncHttpClient-1-1] DEBUG org.asynchttpclient.netty.channel.DefaultChannelPool - Entry count for : http://localhost:51091 : 1
10:16:27.870 [AsyncHttpClient-1-1] DEBUG org.asynchttpclient.netty.channel.DefaultChannelPool - Entry count for : http://localhost:20497 : 1
10:16:28.110 [Forwarding findElement on session be95b9a5f7a2ebebb1ad77425e97ecce to remote] DEBUG org.asynchttpclient.netty.request.NettyRequestSender - Using pooled Channel '[id: 0x8698a373, L:/127.0.0.1:51090 - R:localhost/127.0.0.1:20497]' for 'POST' to 'http://localhost:20497/session/be95b9a5f7a2ebebb1ad77425e97ecce/element'
10:16:28.110 [Forwarding findElement on session be95b9a5f7a2ebebb1ad77425e97ecce to remote] DEBUG org.asynchttpclient.netty.request.NettyRequestSender - Using open Channel [id: 0x8698a373, L:/127.0.0.1:51090 - R:localhost/127.0.0.1:20497] for POST '/session/be95b9a5f7a2ebebb1ad77425e97ecce/element'
10:16:28.123 [AsyncHttpClient-1-2] DEBUG org.asynchttpclient.netty.handler.HttpHandler - 

Request DefaultHttpRequest(decodeResult: success, version: HTTP/1.1)
POST /session/be95b9a5f7a2ebebb1ad77425e97ecce/element HTTP/1.1
User-Agent: selenium/4.8.2 (java windows)
Content-Length: 167
Content-Type: application/json; charset=utf-8
host: localhost:20497
accept: */*

Response DefaultHttpResponse(decodeResult: success, version: HTTP/1.1)
HTTP/1.1 404 Not Found
Content-Length: 1125
Content-Type: application/json; charset=utf-8
cache-control: no-cache

10:16:28.123 [AsyncHttpClient-1-2] DEBUG org.asynchttpclient.netty.channel.ChannelManager - Adding key: http://localhost:20497 for channel [id: 0x8698a373, L:/127.0.0.1:51090 - R:localhost/127.0.0.1:20497]
10:16:28.637 [Forwarding findElement on session be95b9a5f7a2ebebb1ad77425e97ecce to remote] DEBUG org.asynchttpclient.netty.request.NettyRequestSender - Using pooled Channel '[id: 0x8698a373, L:/127.0.0.1:51090 - R:localhost/127.0.0.1:20497]' for 'POST' to 'http://localhost:20497/session/be95b9a5f7a2ebebb1ad77425e97ecce/element'
10:16:28.638 [Forwarding findElement on session be95b9a5f7a2ebebb1ad77425e97ecce to remote] DEBUG org.asynchttpclient.netty.request.NettyRequestSender - Using open Channel [id: 0x8698a373, L:/127.0.0.1:51090 - R:localhost/127.0.0.1:20497] for POST '/session/be95b9a5f7a2ebebb1ad77425e97ecce/element'
10:16:28.651 [AsyncHttpClient-1-2] DEBUG org.asynchttpclient.netty.handler.HttpHandler - 

Request DefaultHttpRequest(decodeResult: success, version: HTTP/1.1)
POST /session/be95b9a5f7a2ebebb1ad77425e97ecce/element HTTP/1.1
User-Agent: selenium/4.8.2 (java windows)
Content-Length: 167
Content-Type: application/json; charset=utf-8
host: localhost:20497
accept: */*

Response DefaultHttpResponse(decodeResult: success, version: HTTP/1.1)
HTTP/1.1 404 Not Found
Content-Length: 1125
Content-Type: application/json; charset=utf-8
cache-control: no-cache

10:16:28.651 [AsyncHttpClient-1-2] DEBUG org.asynchttpclient.netty.channel.ChannelManager - Adding key: http://localhost:20497 for channel [id: 0x8698a373, L:/127.0.0.1:51090 - R:localhost/127.0.0.1:20497]
10:16:28.974 [AsyncHttpClient-1-1] DEBUG org.asynchttpclient.netty.channel.DefaultChannelPool - Entry count for : http://localhost:51091 : 1
10:16:28.974 [AsyncHttpClient-1-1] DEBUG org.asynchttpclient.netty.channel.DefaultChannelPool - Entry count for : http://localhost:20497 : 1
10:16:29.159 [Forwarding findElement on session be95b9a5f7a2ebebb1ad77425e97ecce to remote] DEBUG org.asynchttpclient.netty.request.NettyRequestSender - Using pooled Channel '[id: 0x8698a373, L:/127.0.0.1:51090 - R:localhost/127.0.0.1:20497]' for 'POST' to 'http://localhost:20497/session/be95b9a5f7a2ebebb1ad77425e97ecce/element'
10:16:29.159 [Forwarding findElement on session be95b9a5f7a2ebebb1ad77425e97ecce to remote] DEBUG org.asynchttpclient.netty.request.NettyRequestSender - Using open Channel [id: 0x8698a373, L:/127.0.0.1:51090 - R:localhost/127.0.0.1:20497] for POST '/session/be95b9a5f7a2ebebb1ad77425e97ecce/element'
10:16:29.170 [AsyncHttpClient-1-2] DEBUG org.asynchttpclient.netty.handler.HttpHandler - 

Request DefaultHttpRequest(decodeResult: success, version: HTTP/1.1)
POST /session/be95b9a5f7a2ebebb1ad77425e97ecce/element HTTP/1.1
User-Agent: selenium/4.8.2 (java windows)
Content-Length: 167
Content-Type: application/json; charset=utf-8
host: localhost:20497
accept: */*

Response DefaultHttpResponse(decodeResult: success, version: HTTP/1.1)
HTTP/1.1 404 Not Found
Content-Length: 1125
Content-Type: application/json; charset=utf-8
cache-control: no-cache

10:16:29.171 [AsyncHttpClient-1-2] DEBUG org.asynchttpclient.netty.channel.ChannelManager - Adding key: http://localhost:20497 for channel [id: 0x8698a373, L:/127.0.0.1:51090 - R:localhost/127.0.0.1:20497]
10:16:29.682 [Forwarding findElement on session be95b9a5f7a2ebebb1ad77425e97ecce to remote] DEBUG org.asynchttpclient.netty.request.NettyRequestSender - Using pooled Channel '[id: 0x8698a373, L:/127.0.0.1:51090 - R:localhost/127.0.0.1:20497]' for 'POST' to 'http://localhost:20497/session/be95b9a5f7a2ebebb1ad77425e97ecce/element'
10:16:29.682 [Forwarding findElement on session be95b9a5f7a2ebebb1ad77425e97ecce to remote] DEBUG org.asynchttpclient.netty.request.NettyRequestSender - Using open Channel [id: 0x8698a373, L:/127.0.0.1:51090 - R:localhost/127.0.0.1:20497] for POST '/session/be95b9a5f7a2ebebb1ad77425e97ecce/element'
10:16:29.823 [AsyncHttpClient-1-2] DEBUG org.asynchttpclient.netty.handler.HttpHandler - 

Request DefaultHttpRequest(decodeResult: success, version: HTTP/1.1)
POST /session/be95b9a5f7a2ebebb1ad77425e97ecce/element HTTP/1.1
User-Agent: selenium/4.8.2 (java windows)
Content-Length: 167
Content-Type: application/json; charset=utf-8
host: localhost:20497
accept: */*

Response DefaultHttpResponse(decodeResult: success, version: HTTP/1.1)
HTTP/1.1 404 Not Found
Content-Length: 1125
Content-Type: application/json; charset=utf-8
cache-control: no-cache

10:16:29.823 [AsyncHttpClient-1-2] DEBUG org.asynchttpclient.netty.channel.ChannelManager - Adding key: http://localhost:20497 for channel [id: 0x8698a373, L:/127.0.0.1:51090 - R:localhost/127.0.0.1:20497]
10:16:30.066 [AsyncHttpClient-1-1] DEBUG org.asynchttpclient.netty.channel.DefaultChannelPool - Entry count for : http://localhost:51091 : 1
10:16:30.066 [AsyncHttpClient-1-1] DEBUG org.asynchttpclient.netty.channel.DefaultChannelPool - Entry count for : http://localhost:20497 : 1
10:16:30.336 [Forwarding findElement on session be95b9a5f7a2ebebb1ad77425e97ecce to remote] DEBUG org.asynchttpclient.netty.request.NettyRequestSender - Using pooled Channel '[id: 0x8698a373, L:/127.0.0.1:51090 - R:localhost/127.0.0.1:20497]' for 'POST' to 'http://localhost:20497/session/be95b9a5f7a2ebebb1ad77425e97ecce/element'
10:16:30.336 [Forwarding findElement on session be95b9a5f7a2ebebb1ad77425e97ecce to remote] DEBUG org.asynchttpclient.netty.request.NettyRequestSender - Using open Channel [id: 0x8698a373, L:/127.0.0.1:51090 - R:localhost/127.0.0.1:20497] for POST '/session/be95b9a5f7a2ebebb1ad77425e97ecce/element'
10:16:30.349 [AsyncHttpClient-1-2] DEBUG org.asynchttpclient.netty.handler.HttpHandler - 

Request DefaultHttpRequest(decodeResult: success, version: HTTP/1.1)
POST /session/be95b9a5f7a2ebebb1ad77425e97ecce/element HTTP/1.1
User-Agent: selenium/4.8.2 (java windows)
Content-Length: 167
Content-Type: application/json; charset=utf-8
host: localhost:20497
accept: */*

Response DefaultHttpResponse(decodeResult: success, version: HTTP/1.1)
HTTP/1.1 404 Not Found
Content-Length: 1125
Content-Type: application/json; charset=utf-8
cache-control: no-cache

10:16:30.350 [AsyncHttpClient-1-2] DEBUG org.asynchttpclient.netty.channel.ChannelManager - Adding key: http://localhost:20497 for channel [id: 0x8698a373, L:/127.0.0.1:51090 - R:localhost/127.0.0.1:20497]
10:16:30.879 [Forwarding findElement on session be95b9a5f7a2ebebb1ad77425e97ecce to remote] DEBUG org.asynchttpclient.netty.request.NettyRequestSender - Using pooled Channel '[id: 0x8698a373, L:/127.0.0.1:51090 - R:localhost/127.0.0.1:20497]' for 'POST' to 'http://localhost:20497/session/be95b9a5f7a2ebebb1ad77425e97ecce/element'
10:16:30.881 [Forwarding findElement on session be95b9a5f7a2ebebb1ad77425e97ecce to remote] DEBUG org.asynchttpclient.netty.request.NettyRequestSender - Using open Channel [id: 0x8698a373, L:/127.0.0.1:51090 - R:localhost/127.0.0.1:20497] for POST '/session/be95b9a5f7a2ebebb1ad77425e97ecce/element'
10:16:30.931 [AsyncHttpClient-1-2] DEBUG org.asynchttpclient.netty.handler.HttpHandler - 

Request DefaultHttpRequest(decodeResult: success, version: HTTP/1.1)
POST /session/be95b9a5f7a2ebebb1ad77425e97ecce/element HTTP/1.1
User-Agent: selenium/4.8.2 (java windows)
Content-Length: 167
Content-Type: application/json; charset=utf-8
host: localhost:20497
accept: */*

Response DefaultHttpResponse(decodeResult: success, version: HTTP/1.1)
HTTP/1.1 404 Not Found
Content-Length: 1125
Content-Type: application/json; charset=utf-8
cache-control: no-cache

10:16:30.931 [AsyncHttpClient-1-2] DEBUG org.asynchttpclient.netty.channel.ChannelManager - Adding key: http://localhost:20497 for channel [id: 0x8698a373, L:/127.0.0.1:51090 - R:localhost/127.0.0.1:20497]
10:16:31.170 [AsyncHttpClient-1-1] DEBUG org.asynchttpclient.netty.channel.DefaultChannelPool - Entry count for : http://localhost:51091 : 1
10:16:31.170 [AsyncHttpClient-1-1] DEBUG org.asynchttpclient.netty.channel.DefaultChannelPool - Entry count for : http://localhost:20497 : 1
10:16:31.440 [Forwarding findElement on session be95b9a5f7a2ebebb1ad77425e97ecce to remote] DEBUG org.asynchttpclient.netty.request.NettyRequestSender - Using pooled Channel '[id: 0x8698a373, L:/127.0.0.1:51090 - R:localhost/127.0.0.1:20497]' for 'POST' to 'http://localhost:20497/session/be95b9a5f7a2ebebb1ad77425e97ecce/element'
10:16:31.440 [Forwarding findElement on session be95b9a5f7a2ebebb1ad77425e97ecce to remote] DEBUG org.asynchttpclient.netty.request.NettyRequestSender - Using open Channel [id: 0x8698a373, L:/127.0.0.1:51090 - R:localhost/127.0.0.1:20497] for POST '/session/be95b9a5f7a2ebebb1ad77425e97ecce/element'
10:16:31.454 [AsyncHttpClient-1-2] DEBUG org.asynchttpclient.netty.handler.HttpHandler - 

Request DefaultHttpRequest(decodeResult: success, version: HTTP/1.1)
POST /session/be95b9a5f7a2ebebb1ad77425e97ecce/element HTTP/1.1
User-Agent: selenium/4.8.2 (java windows)
Content-Length: 167
Content-Type: application/json; charset=utf-8
host: localhost:20497
accept: */*

Response DefaultHttpResponse(decodeResult: success, version: HTTP/1.1)
HTTP/1.1 404 Not Found
Content-Length: 1125
Content-Type: application/json; charset=utf-8
cache-control: no-cache

10:16:31.454 [AsyncHttpClient-1-2] DEBUG org.asynchttpclient.netty.channel.ChannelManager - Adding key: http://localhost:20497 for channel [id: 0x8698a373, L:/127.0.0.1:51090 - R:localhost/127.0.0.1:20497]
10:16:31.956 [Forwarding findElement on session be95b9a5f7a2ebebb1ad77425e97ecce to remote] DEBUG org.asynchttpclient.netty.request.NettyRequestSender - Using pooled Channel '[id: 0x8698a373, L:/127.0.0.1:51090 - R:localhost/127.0.0.1:20497]' for 'POST' to 'http://localhost:20497/session/be95b9a5f7a2ebebb1ad77425e97ecce/element'
10:16:31.956 [Forwarding findElement on session be95b9a5f7a2ebebb1ad77425e97ecce to remote] DEBUG org.asynchttpclient.netty.request.NettyRequestSender - Using open Channel [id: 0x8698a373, L:/127.0.0.1:51090 - R:localhost/127.0.0.1:20497] for POST '/session/be95b9a5f7a2ebebb1ad77425e97ecce/element'
10:16:31.998 [AsyncHttpClient-1-2] DEBUG org.asynchttpclient.netty.handler.HttpHandler - 

Request DefaultHttpRequest(decodeResult: success, version: HTTP/1.1)
POST /session/be95b9a5f7a2ebebb1ad77425e97ecce/element HTTP/1.1
User-Agent: selenium/4.8.2 (java windows)
Content-Length: 167
Content-Type: application/json; charset=utf-8
host: localhost:20497
accept: */*

Response DefaultHttpResponse(decodeResult: success, version: HTTP/1.1)
HTTP/1.1 404 Not Found
Content-Length: 1125
Content-Type: application/json; charset=utf-8
cache-control: no-cache

10:16:31.998 [AsyncHttpClient-1-2] DEBUG org.asynchttpclient.netty.channel.ChannelManager - Adding key: http://localhost:20497 for channel [id: 0x8698a373, L:/127.0.0.1:51090 - R:localhost/127.0.0.1:20497]
10:16:32.269 [AsyncHttpClient-1-1] DEBUG org.asynchttpclient.netty.channel.DefaultChannelPool - Entry count for : http://localhost:51091 : 1
10:16:32.269 [AsyncHttpClient-1-1] DEBUG org.asynchttpclient.netty.channel.DefaultChannelPool - Entry count for : http://localhost:20497 : 1
10:16:32.505 [Forwarding findElement on session be95b9a5f7a2ebebb1ad77425e97ecce to remote] DEBUG org.asynchttpclient.netty.request.NettyRequestSender - Using pooled Channel '[id: 0x8698a373, L:/127.0.0.1:51090 - R:localhost/127.0.0.1:20497]' for 'POST' to 'http://localhost:20497/session/be95b9a5f7a2ebebb1ad77425e97ecce/element'
10:16:32.505 [Forwarding findElement on session be95b9a5f7a2ebebb1ad77425e97ecce to remote] DEBUG org.asynchttpclient.netty.request.NettyRequestSender - Using open Channel [id: 0x8698a373, L:/127.0.0.1:51090 - R:localhost/127.0.0.1:20497] for POST '/session/be95b9a5f7a2ebebb1ad77425e97ecce/element'
10:16:32.517 [AsyncHttpClient-1-2] DEBUG org.asynchttpclient.netty.handler.HttpHandler - 

Request DefaultHttpRequest(decodeResult: success, version: HTTP/1.1)
POST /session/be95b9a5f7a2ebebb1ad77425e97ecce/element HTTP/1.1
User-Agent: selenium/4.8.2 (java windows)
Content-Length: 167
Content-Type: application/json; charset=utf-8
host: localhost:20497
accept: */*

Response DefaultHttpResponse(decodeResult: success, version: HTTP/1.1)
HTTP/1.1 404 Not Found
Content-Length: 1125
Content-Type: application/json; charset=utf-8
cache-control: no-cache

10:16:32.518 [AsyncHttpClient-1-2] DEBUG org.asynchttpclient.netty.channel.ChannelManager - Adding key: http://localhost:20497 for channel [id: 0x8698a373, L:/127.0.0.1:51090 - R:localhost/127.0.0.1:20497]
10:16:33.042 [Forwarding findElement on session be95b9a5f7a2ebebb1ad77425e97ecce to remote] DEBUG org.asynchttpclient.netty.request.NettyRequestSender - Using pooled Channel '[id: 0x8698a373, L:/127.0.0.1:51090 - R:localhost/127.0.0.1:20497]' for 'POST' to 'http://localhost:20497/session/be95b9a5f7a2ebebb1ad77425e97ecce/element'
10:16:33.042 [Forwarding findElement on session be95b9a5f7a2ebebb1ad77425e97ecce to remote] DEBUG org.asynchttpclient.netty.request.NettyRequestSender - Using open Channel [id: 0x8698a373, L:/127.0.0.1:51090 - R:localhost/127.0.0.1:20497] for POST '/session/be95b9a5f7a2ebebb1ad77425e97ecce/element'
10:16:33.058 [AsyncHttpClient-1-2] DEBUG org.asynchttpclient.netty.handler.HttpHandler - 

Request DefaultHttpRequest(decodeResult: success, version: HTTP/1.1)
POST /session/be95b9a5f7a2ebebb1ad77425e97ecce/element HTTP/1.1
User-Agent: selenium/4.8.2 (java windows)
Content-Length: 167
Content-Type: application/json; charset=utf-8
host: localhost:20497
accept: */*

Response DefaultHttpResponse(decodeResult: success, version: HTTP/1.1)
HTTP/1.1 404 Not Found
Content-Length: 1125
Content-Type: application/json; charset=utf-8
cache-control: no-cache

10:16:33.058 [AsyncHttpClient-1-2] DEBUG org.asynchttpclient.netty.channel.ChannelManager - Adding key: http://localhost:20497 for channel [id: 0x8698a373, L:/127.0.0.1:51090 - R:localhost/127.0.0.1:20497]
10:16:33.367 [AsyncHttpClient-1-1] DEBUG org.asynchttpclient.netty.channel.DefaultChannelPool - Entry count for : http://localhost:51091 : 1
10:16:33.367 [AsyncHttpClient-1-1] DEBUG org.asynchttpclient.netty.channel.DefaultChannelPool - Entry count for : http://localhost:20497 : 1
10:16:33.569 [Forwarding findElement on session be95b9a5f7a2ebebb1ad77425e97ecce to remote] DEBUG org.asynchttpclient.netty.request.NettyRequestSender - Using pooled Channel '[id: 0x8698a373, L:/127.0.0.1:51090 - R:localhost/127.0.0.1:20497]' for 'POST' to 'http://localhost:20497/session/be95b9a5f7a2ebebb1ad77425e97ecce/element'
10:16:33.569 [Forwarding findElement on session be95b9a5f7a2ebebb1ad77425e97ecce to remote] DEBUG org.asynchttpclient.netty.request.NettyRequestSender - Using open Channel [id: 0x8698a373, L:/127.0.0.1:51090 - R:localhost/127.0.0.1:20497] for POST '/session/be95b9a5f7a2ebebb1ad77425e97ecce/element'
10:16:33.582 [AsyncHttpClient-1-2] DEBUG org.asynchttpclient.netty.handler.HttpHandler - 

Request DefaultHttpRequest(decodeResult: success, version: HTTP/1.1)
POST /session/be95b9a5f7a2ebebb1ad77425e97ecce/element HTTP/1.1
User-Agent: selenium/4.8.2 (java windows)
Content-Length: 167
Content-Type: application/json; charset=utf-8
host: localhost:20497
accept: */*

Response DefaultHttpResponse(decodeResult: success, version: HTTP/1.1)
HTTP/1.1 404 Not Found
Content-Length: 1125
Content-Type: application/json; charset=utf-8
cache-control: no-cache

10:16:33.582 [AsyncHttpClient-1-2] DEBUG org.asynchttpclient.netty.channel.ChannelManager - Adding key: http://localhost:20497 for channel [id: 0x8698a373, L:/127.0.0.1:51090 - R:localhost/127.0.0.1:20497]
10:16:34.099 [Forwarding findElement on session be95b9a5f7a2ebebb1ad77425e97ecce to remote] DEBUG org.asynchttpclient.netty.request.NettyRequestSender - Using pooled Channel '[id: 0x8698a373, L:/127.0.0.1:51090 - R:localhost/127.0.0.1:20497]' for 'POST' to 'http://localhost:20497/session/be95b9a5f7a2ebebb1ad77425e97ecce/element'
10:16:34.099 [Forwarding findElement on session be95b9a5f7a2ebebb1ad77425e97ecce to remote] DEBUG org.asynchttpclient.netty.request.NettyRequestSender - Using open Channel [id: 0x8698a373, L:/127.0.0.1:51090 - R:localhost/127.0.0.1:20497] for POST '/session/be95b9a5f7a2ebebb1ad77425e97ecce/element'
10:16:34.165 [AsyncHttpClient-1-2] DEBUG org.asynchttpclient.netty.handler.HttpHandler - 

Request DefaultHttpRequest(decodeResult: success, version: HTTP/1.1)
POST /session/be95b9a5f7a2ebebb1ad77425e97ecce/element HTTP/1.1
User-Agent: selenium/4.8.2 (java windows)
Content-Length: 167
Content-Type: application/json; charset=utf-8
host: localhost:20497
accept: */*

Response DefaultHttpResponse(decodeResult: success, version: HTTP/1.1)
HTTP/1.1 404 Not Found
Content-Length: 1125
Content-Type: application/json; charset=utf-8
cache-control: no-cache

10:16:34.165 [AsyncHttpClient-1-2] DEBUG org.asynchttpclient.netty.channel.ChannelManager - Adding key: http://localhost:20497 for channel [id: 0x8698a373, L:/127.0.0.1:51090 - R:localhost/127.0.0.1:20497]
10:16:34.469 [AsyncHttpClient-1-1] DEBUG org.asynchttpclient.netty.channel.DefaultChannelPool - Entry count for : http://localhost:51091 : 1
10:16:34.470 [AsyncHttpClient-1-1] DEBUG org.asynchttpclient.netty.channel.DefaultChannelPool - Entry count for : http://localhost:20497 : 1
10:16:34.672 [Forwarding findElement on session be95b9a5f7a2ebebb1ad77425e97ecce to remote] DEBUG org.asynchttpclient.netty.request.NettyRequestSender - Using pooled Channel '[id: 0x8698a373, L:/127.0.0.1:51090 - R:localhost/127.0.0.1:20497]' for 'POST' to 'http://localhost:20497/session/be95b9a5f7a2ebebb1ad77425e97ecce/element'
10:16:34.673 [Forwarding findElement on session be95b9a5f7a2ebebb1ad77425e97ecce to remote] DEBUG org.asynchttpclient.netty.request.NettyRequestSender - Using open Channel [id: 0x8698a373, L:/127.0.0.1:51090 - R:localhost/127.0.0.1:20497] for POST '/session/be95b9a5f7a2ebebb1ad77425e97ecce/element'
10:16:34.689 [AsyncHttpClient-1-2] DEBUG org.asynchttpclient.netty.handler.HttpHandler - 

Request DefaultHttpRequest(decodeResult: success, version: HTTP/1.1)
POST /session/be95b9a5f7a2ebebb1ad77425e97ecce/element HTTP/1.1
User-Agent: selenium/4.8.2 (java windows)
Content-Length: 167
Content-Type: application/json; charset=utf-8
host: localhost:20497
accept: */*

Response DefaultHttpResponse(decodeResult: success, version: HTTP/1.1)
HTTP/1.1 404 Not Found
Content-Length: 1125
Content-Type: application/json; charset=utf-8
cache-control: no-cache

10:16:34.689 [AsyncHttpClient-1-2] DEBUG org.asynchttpclient.netty.channel.ChannelManager - Adding key: http://localhost:20497 for channel [id: 0x8698a373, L:/127.0.0.1:51090 - R:localhost/127.0.0.1:20497]
10:16:35.201 [Forwarding findElement on session be95b9a5f7a2ebebb1ad77425e97ecce to remote] DEBUG org.asynchttpclient.netty.request.NettyRequestSender - Using pooled Channel '[id: 0x8698a373, L:/127.0.0.1:51090 - R:localhost/127.0.0.1:20497]' for 'POST' to 'http://localhost:20497/session/be95b9a5f7a2ebebb1ad77425e97ecce/element'
10:16:35.204 [Forwarding findElement on session be95b9a5f7a2ebebb1ad77425e97ecce to remote] DEBUG org.asynchttpclient.netty.request.NettyRequestSender - Using open Channel [id: 0x8698a373, L:/127.0.0.1:51090 - R:localhost/127.0.0.1:20497] for POST '/session/be95b9a5f7a2ebebb1ad77425e97ecce/element'
10:16:35.568 [AsyncHttpClient-1-1] DEBUG org.asynchttpclient.netty.channel.DefaultChannelPool - Entry count for : http://localhost:51091 : 1
10:16:35.758 [AsyncHttpClient-1-2] DEBUG org.asynchttpclient.netty.handler.HttpHandler - 

Request DefaultHttpRequest(decodeResult: success, version: HTTP/1.1)
POST /session/be95b9a5f7a2ebebb1ad77425e97ecce/element HTTP/1.1
User-Agent: selenium/4.8.2 (java windows)
Content-Length: 167
Content-Type: application/json; charset=utf-8
host: localhost:20497
accept: */*

Response DefaultHttpResponse(decodeResult: success, version: HTTP/1.1)
HTTP/1.1 200 OK
Content-Length: 95
Content-Type: application/json; charset=utf-8
cache-control: no-cache

10:16:35.758 [AsyncHttpClient-1-2] DEBUG org.asynchttpclient.netty.channel.ChannelManager - Adding key: http://localhost:20497 for channel [id: 0x8698a373, L:/127.0.0.1:51090 - R:localhost/127.0.0.1:20497]
10:16:35.763 [Forwarding isElementDisplayed on session be95b9a5f7a2ebebb1ad77425e97ecce to remote] DEBUG org.asynchttpclient.netty.request.NettyRequestSender - Using pooled Channel '[id: 0x8698a373, L:/127.0.0.1:51090 - R:localhost/127.0.0.1:20497]' for 'POST' to 'http://localhost:20497/session/be95b9a5f7a2ebebb1ad77425e97ecce/execute/sync'
10:16:35.763 [Forwarding isElementDisplayed on session be95b9a5f7a2ebebb1ad77425e97ecce to remote] DEBUG org.asynchttpclient.netty.request.NettyRequestSender - Using open Channel [id: 0x8698a373, L:/127.0.0.1:51090 - R:localhost/127.0.0.1:20497] for POST '/session/be95b9a5f7a2ebebb1ad77425e97ecce/execute/sync'
10:16:35.784 [AsyncHttpClient-1-2] DEBUG org.asynchttpclient.netty.handler.HttpHandler - 

Request DefaultHttpRequest(decodeResult: success, version: HTTP/1.1)
POST /session/be95b9a5f7a2ebebb1ad77425e97ecce/execute/sync HTTP/1.1
User-Agent: selenium/4.8.2 (java windows)
Content-Length: 48814
Content-Type: application/json; charset=utf-8
host: localhost:20497
accept: */*

Response DefaultHttpResponse(decodeResult: success, version: HTTP/1.1)
HTTP/1.1 200 OK
Content-Length: 14
Content-Type: application/json; charset=utf-8
cache-control: no-cache

10:16:35.784 [AsyncHttpClient-1-2] DEBUG org.asynchttpclient.netty.channel.ChannelManager - Adding key: http://localhost:20497 for channel [id: 0x8698a373, L:/127.0.0.1:51090 - R:localhost/127.0.0.1:20497]
10:16:35.787 [Forwarding findElement on session be95b9a5f7a2ebebb1ad77425e97ecce to remote] DEBUG org.asynchttpclient.netty.request.NettyRequestSender - Using pooled Channel '[id: 0x8698a373, L:/127.0.0.1:51090 - R:localhost/127.0.0.1:20497]' for 'POST' to 'http://localhost:20497/session/be95b9a5f7a2ebebb1ad77425e97ecce/element'
10:16:35.787 [Forwarding findElement on session be95b9a5f7a2ebebb1ad77425e97ecce to remote] DEBUG org.asynchttpclient.netty.request.NettyRequestSender - Using open Channel [id: 0x8698a373, L:/127.0.0.1:51090 - R:localhost/127.0.0.1:20497] for POST '/session/be95b9a5f7a2ebebb1ad77425e97ecce/element'
10:16:35.847 [AsyncHttpClient-1-2] DEBUG org.asynchttpclient.netty.handler.HttpHandler - 

Request DefaultHttpRequest(decodeResult: success, version: HTTP/1.1)
POST /session/be95b9a5f7a2ebebb1ad77425e97ecce/element HTTP/1.1
User-Agent: selenium/4.8.2 (java windows)
Content-Length: 126
Content-Type: application/json; charset=utf-8
host: localhost:20497
accept: */*

Response DefaultHttpResponse(decodeResult: success, version: HTTP/1.1)
HTTP/1.1 200 OK
Content-Length: 95
Content-Type: application/json; charset=utf-8
cache-control: no-cache

10:16:35.848 [AsyncHttpClient-1-2] DEBUG org.asynchttpclient.netty.channel.ChannelManager - Adding key: http://localhost:20497 for channel [id: 0x8698a373, L:/127.0.0.1:51090 - R:localhost/127.0.0.1:20497]
10:16:35.848 [Forwarding clickElement on session be95b9a5f7a2ebebb1ad77425e97ecce to remote] DEBUG org.asynchttpclient.netty.request.NettyRequestSender - Using pooled Channel '[id: 0x8698a373, L:/127.0.0.1:51090 - R:localhost/127.0.0.1:20497]' for 'POST' to 'http://localhost:20497/session/be95b9a5f7a2ebebb1ad77425e97ecce/element/8292A92096E0578797AC54C72632F642_element_47/click'
10:16:35.848 [Forwarding clickElement on session be95b9a5f7a2ebebb1ad77425e97ecce to remote] DEBUG org.asynchttpclient.netty.request.NettyRequestSender - Using open Channel [id: 0x8698a373, L:/127.0.0.1:51090 - R:localhost/127.0.0.1:20497] for POST '/session/be95b9a5f7a2ebebb1ad77425e97ecce/element/8292A92096E0578797AC54C72632F642_element_47/click'
10:16:35.925 [AsyncHttpClient-1-2] DEBUG org.asynchttpclient.netty.handler.HttpHandler - 

Request DefaultHttpRequest(decodeResult: success, version: HTTP/1.1)
POST /session/be95b9a5f7a2ebebb1ad77425e97ecce/element/8292A92096E0578797AC54C72632F642_element_47/click HTTP/1.1
User-Agent: selenium/4.8.2 (java windows)
Content-Length: 57
Content-Type: application/json; charset=utf-8
host: localhost:20497
accept: */*

Response DefaultHttpResponse(decodeResult: success, version: HTTP/1.1)
HTTP/1.1 200 OK
Content-Length: 14
Content-Type: application/json; charset=utf-8
cache-control: no-cache

10:16:35.926 [AsyncHttpClient-1-2] DEBUG org.asynchttpclient.netty.channel.ChannelManager - Adding key: http://localhost:20497 for channel [id: 0x8698a373, L:/127.0.0.1:51090 - R:localhost/127.0.0.1:20497]
10:16:35.927 [Forwarding getCurrentUrl on session be95b9a5f7a2ebebb1ad77425e97ecce to remote] DEBUG org.asynchttpclient.netty.request.NettyRequestSender - Using pooled Channel '[id: 0x8698a373, L:/127.0.0.1:51090 - R:localhost/127.0.0.1:20497]' for 'GET' to 'http://localhost:20497/session/be95b9a5f7a2ebebb1ad77425e97ecce/url'
10:16:35.927 [Forwarding getCurrentUrl on session be95b9a5f7a2ebebb1ad77425e97ecce to remote] DEBUG org.asynchttpclient.netty.request.NettyRequestSender - Using open Channel [id: 0x8698a373, L:/127.0.0.1:51090 - R:localhost/127.0.0.1:20497] for GET '/session/be95b9a5f7a2ebebb1ad77425e97ecce/url'
10:16:35.934 [AsyncHttpClient-1-2] DEBUG org.asynchttpclient.netty.handler.HttpHandler - 

Request DefaultFullHttpRequest(decodeResult: success, version: HTTP/1.1, content: EmptyByteBufBE)
GET /session/be95b9a5f7a2ebebb1ad77425e97ecce/url HTTP/1.1
User-Agent: selenium/4.8.2 (java windows)
Cache-Control: no-cache
Content-Type: application/json; charset=utf-8
host: localhost:20497
accept: */*

Response DefaultHttpResponse(decodeResult: success, version: HTTP/1.1)
HTTP/1.1 200 OK
Content-Length: 57
Content-Type: application/json; charset=utf-8
cache-control: no-cache

10:16:35.936 [AsyncHttpClient-1-2] DEBUG org.asynchttpclient.netty.channel.ChannelManager - Adding key: http://localhost:20497 for channel [id: 0x8698a373, L:/127.0.0.1:51090 - R:localhost/127.0.0.1:20497]
10:16:36.666 [AsyncHttpClient-1-1] DEBUG org.asynchttpclient.netty.channel.DefaultChannelPool - Entry count for : http://localhost:51091 : 1
10:16:36.666 [AsyncHttpClient-1-1] DEBUG org.asynchttpclient.netty.channel.DefaultChannelPool - Entry count for : http://localhost:20497 : 1
10:16:37.773 [AsyncHttpClient-1-1] DEBUG org.asynchttpclient.netty.channel.DefaultChannelPool - Entry count for : http://localhost:51091 : 1
10:16:37.784 [AsyncHttpClient-1-1] DEBUG org.asynchttpclient.netty.channel.DefaultChannelPool - Entry count for : http://localhost:20497 : 1
10:16:37.842 [Forwarding findElement on session be95b9a5f7a2ebebb1ad77425e97ecce to remote] DEBUG org.asynchttpclient.netty.request.NettyRequestSender - Using pooled Channel '[id: 0x8698a373, L:/127.0.0.1:51090 - R:localhost/127.0.0.1:20497]' for 'POST' to 'http://localhost:20497/session/be95b9a5f7a2ebebb1ad77425e97ecce/element'
10:16:37.842 [Forwarding findElement on session be95b9a5f7a2ebebb1ad77425e97ecce to remote] DEBUG org.asynchttpclient.netty.request.NettyRequestSender - Using open Channel [id: 0x8698a373, L:/127.0.0.1:51090 - R:localhost/127.0.0.1:20497] for POST '/session/be95b9a5f7a2ebebb1ad77425e97ecce/element'
10:16:38.152 [AsyncHttpClient-1-2] DEBUG org.asynchttpclient.netty.handler.HttpHandler - 

Request DefaultHttpRequest(decodeResult: success, version: HTTP/1.1)
POST /session/be95b9a5f7a2ebebb1ad77425e97ecce/element HTTP/1.1
User-Agent: selenium/4.8.2 (java windows)
Content-Length: 61
Content-Type: application/json; charset=utf-8
host: localhost:20497
accept: */*

Response DefaultHttpResponse(decodeResult: success, version: HTTP/1.1)
HTTP/1.1 200 OK
Content-Length: 95
Content-Type: application/json; charset=utf-8
cache-control: no-cache

10:16:38.152 [AsyncHttpClient-1-2] DEBUG org.asynchttpclient.netty.channel.ChannelManager - Adding key: http://localhost:20497 for channel [id: 0x8698a373, L:/127.0.0.1:51090 - R:localhost/127.0.0.1:20497]
10:16:38.167 [Forwarding isElementDisplayed on session be95b9a5f7a2ebebb1ad77425e97ecce to remote] DEBUG org.asynchttpclient.netty.request.NettyRequestSender - Using pooled Channel '[id: 0x8698a373, L:/127.0.0.1:51090 - R:localhost/127.0.0.1:20497]' for 'POST' to 'http://localhost:20497/session/be95b9a5f7a2ebebb1ad77425e97ecce/execute/sync'
10:16:38.167 [Forwarding isElementDisplayed on session be95b9a5f7a2ebebb1ad77425e97ecce to remote] DEBUG org.asynchttpclient.netty.request.NettyRequestSender - Using open Channel [id: 0x8698a373, L:/127.0.0.1:51090 - R:localhost/127.0.0.1:20497] for POST '/session/be95b9a5f7a2ebebb1ad77425e97ecce/execute/sync'
10:16:38.167 [AsyncHttpClient-1-2] DEBUG org.asynchttpclient.netty.handler.HttpHandler - 

Request DefaultHttpRequest(decodeResult: success, version: HTTP/1.1)
POST /session/be95b9a5f7a2ebebb1ad77425e97ecce/execute/sync HTTP/1.1
User-Agent: selenium/4.8.2 (java windows)
Content-Length: 48814
Content-Type: application/json; charset=utf-8
host: localhost:20497
accept: */*

Response DefaultHttpResponse(decodeResult: success, version: HTTP/1.1)
HTTP/1.1 200 OK
Content-Length: 14
Content-Type: application/json; charset=utf-8
cache-control: no-cache

10:16:38.167 [AsyncHttpClient-1-2] DEBUG org.asynchttpclient.netty.channel.ChannelManager - Adding key: http://localhost:20497 for channel [id: 0x8698a373, L:/127.0.0.1:51090 - R:localhost/127.0.0.1:20497]
10:16:38.183 [Forwarding findElement on session be95b9a5f7a2ebebb1ad77425e97ecce to remote] DEBUG org.asynchttpclient.netty.request.NettyRequestSender - Using pooled Channel '[id: 0x8698a373, L:/127.0.0.1:51090 - R:localhost/127.0.0.1:20497]' for 'POST' to 'http://localhost:20497/session/be95b9a5f7a2ebebb1ad77425e97ecce/element'
10:16:38.183 [Forwarding findElement on session be95b9a5f7a2ebebb1ad77425e97ecce to remote] DEBUG org.asynchttpclient.netty.request.NettyRequestSender - Using open Channel [id: 0x8698a373, L:/127.0.0.1:51090 - R:localhost/127.0.0.1:20497] for POST '/session/be95b9a5f7a2ebebb1ad77425e97ecce/element'
10:16:38.183 [AsyncHttpClient-1-2] DEBUG org.asynchttpclient.netty.handler.HttpHandler - 

Request DefaultHttpRequest(decodeResult: success, version: HTTP/1.1)
POST /session/be95b9a5f7a2ebebb1ad77425e97ecce/element HTTP/1.1
User-Agent: selenium/4.8.2 (java windows)
Content-Length: 61
Content-Type: application/json; charset=utf-8
host: localhost:20497
accept: */*

Response DefaultHttpResponse(decodeResult: success, version: HTTP/1.1)
HTTP/1.1 200 OK
Content-Length: 95
Content-Type: application/json; charset=utf-8
cache-control: no-cache

10:16:38.183 [AsyncHttpClient-1-2] DEBUG org.asynchttpclient.netty.channel.ChannelManager - Adding key: http://localhost:20497 for channel [id: 0x8698a373, L:/127.0.0.1:51090 - R:localhost/127.0.0.1:20497]
10:16:38.199 [Forwarding clickElement on session be95b9a5f7a2ebebb1ad77425e97ecce to remote] DEBUG org.asynchttpclient.netty.request.NettyRequestSender - Using pooled Channel '[id: 0x8698a373, L:/127.0.0.1:51090 - R:localhost/127.0.0.1:20497]' for 'POST' to 'http://localhost:20497/session/be95b9a5f7a2ebebb1ad77425e97ecce/element/8292A92096E0578797AC54C72632F642_element_94/click'
10:16:38.199 [Forwarding clickElement on session be95b9a5f7a2ebebb1ad77425e97ecce to remote] DEBUG org.asynchttpclient.netty.request.NettyRequestSender - Using open Channel [id: 0x8698a373, L:/127.0.0.1:51090 - R:localhost/127.0.0.1:20497] for POST '/session/be95b9a5f7a2ebebb1ad77425e97ecce/element/8292A92096E0578797AC54C72632F642_element_94/click'
10:16:38.278 [AsyncHttpClient-1-2] DEBUG org.asynchttpclient.netty.handler.HttpHandler - 

Request DefaultHttpRequest(decodeResult: success, version: HTTP/1.1)
POST /session/be95b9a5f7a2ebebb1ad77425e97ecce/element/8292A92096E0578797AC54C72632F642_element_94/click HTTP/1.1
User-Agent: selenium/4.8.2 (java windows)
Content-Length: 57
Content-Type: application/json; charset=utf-8
host: localhost:20497
accept: */*

Response DefaultHttpResponse(decodeResult: success, version: HTTP/1.1)
HTTP/1.1 200 OK
Content-Length: 14
Content-Type: application/json; charset=utf-8
cache-control: no-cache

10:16:38.278 [AsyncHttpClient-1-2] DEBUG org.asynchttpclient.netty.channel.ChannelManager - Adding key: http://localhost:20497 for channel [id: 0x8698a373, L:/127.0.0.1:51090 - R:localhost/127.0.0.1:20497]
10:16:39.412 [AsyncHttpClient-1-1] DEBUG org.asynchttpclient.netty.channel.DefaultChannelPool - Entry count for : http://localhost:51091 : 1
10:16:39.412 [AsyncHttpClient-1-1] DEBUG org.asynchttpclient.netty.channel.DefaultChannelPool - Entry count for : http://localhost:20497 : 1
10:16:39.412 [Forwarding findElement on session be95b9a5f7a2ebebb1ad77425e97ecce to remote] DEBUG org.asynchttpclient.netty.request.NettyRequestSender - Using pooled Channel '[id: 0x8698a373, L:/127.0.0.1:51090 - R:localhost/127.0.0.1:20497]' for 'POST' to 'http://localhost:20497/session/be95b9a5f7a2ebebb1ad77425e97ecce/element'
10:16:39.412 [Forwarding findElement on session be95b9a5f7a2ebebb1ad77425e97ecce to remote] DEBUG org.asynchttpclient.netty.request.NettyRequestSender - Using open Channel [id: 0x8698a373, L:/127.0.0.1:51090 - R:localhost/127.0.0.1:20497] for POST '/session/be95b9a5f7a2ebebb1ad77425e97ecce/element'
10:16:39.427 [AsyncHttpClient-1-2] DEBUG org.asynchttpclient.netty.handler.HttpHandler - 

Request DefaultHttpRequest(decodeResult: success, version: HTTP/1.1)
POST /session/be95b9a5f7a2ebebb1ad77425e97ecce/element HTTP/1.1
User-Agent: selenium/4.8.2 (java windows)
Content-Length: 61
Content-Type: application/json; charset=utf-8
host: localhost:20497
accept: */*

Response DefaultHttpResponse(decodeResult: success, version: HTTP/1.1)
HTTP/1.1 200 OK
Content-Length: 95
Content-Type: application/json; charset=utf-8
cache-control: no-cache

10:16:39.427 [AsyncHttpClient-1-2] DEBUG org.asynchttpclient.netty.channel.ChannelManager - Adding key: http://localhost:20497 for channel [id: 0x8698a373, L:/127.0.0.1:51090 - R:localhost/127.0.0.1:20497]
10:16:39.427 [Forwarding sendKeysToElement on session be95b9a5f7a2ebebb1ad77425e97ecce to remote] DEBUG org.asynchttpclient.netty.request.NettyRequestSender - Using pooled Channel '[id: 0x8698a373, L:/127.0.0.1:51090 - R:localhost/127.0.0.1:20497]' for 'POST' to 'http://localhost:20497/session/be95b9a5f7a2ebebb1ad77425e97ecce/element/8292A92096E0578797AC54C72632F642_element_94/value'
10:16:39.427 [Forwarding sendKeysToElement on session be95b9a5f7a2ebebb1ad77425e97ecce to remote] DEBUG org.asynchttpclient.netty.request.NettyRequestSender - Using open Channel [id: 0x8698a373, L:/127.0.0.1:51090 - R:localhost/127.0.0.1:20497] for POST '/session/be95b9a5f7a2ebebb1ad77425e97ecce/element/8292A92096E0578797AC54C72632F642_element_94/value'
10:16:39.477 [AsyncHttpClient-1-2] DEBUG org.asynchttpclient.netty.handler.HttpHandler - 

Request DefaultHttpRequest(decodeResult: success, version: HTTP/1.1)
POST /session/be95b9a5f7a2ebebb1ad77425e97ecce/element/8292A92096E0578797AC54C72632F642_element_94/value HTTP/1.1
User-Agent: selenium/4.8.2 (java windows)
Content-Length: 112
Content-Type: application/json; charset=utf-8
host: localhost:20497
accept: */*

Response DefaultHttpResponse(decodeResult: success, version: HTTP/1.1)
HTTP/1.1 200 OK
Content-Length: 14
Content-Type: application/json; charset=utf-8
cache-control: no-cache

10:16:39.477 [AsyncHttpClient-1-2] DEBUG org.asynchttpclient.netty.channel.ChannelManager - Adding key: http://localhost:20497 for channel [id: 0x8698a373, L:/127.0.0.1:51090 - R:localhost/127.0.0.1:20497]
10:16:39.480 [Forwarding findElement on session be95b9a5f7a2ebebb1ad77425e97ecce to remote] DEBUG org.asynchttpclient.netty.request.NettyRequestSender - Using pooled Channel '[id: 0x8698a373, L:/127.0.0.1:51090 - R:localhost/127.0.0.1:20497]' for 'POST' to 'http://localhost:20497/session/be95b9a5f7a2ebebb1ad77425e97ecce/element'
10:16:39.480 [Forwarding findElement on session be95b9a5f7a2ebebb1ad77425e97ecce to remote] DEBUG org.asynchttpclient.netty.request.NettyRequestSender - Using open Channel [id: 0x8698a373, L:/127.0.0.1:51090 - R:localhost/127.0.0.1:20497] for POST '/session/be95b9a5f7a2ebebb1ad77425e97ecce/element'
10:16:39.494 [AsyncHttpClient-1-2] DEBUG org.asynchttpclient.netty.handler.HttpHandler - 

Request DefaultHttpRequest(decodeResult: success, version: HTTP/1.1)
POST /session/be95b9a5f7a2ebebb1ad77425e97ecce/element HTTP/1.1
User-Agent: selenium/4.8.2 (java windows)
Content-Length: 61
Content-Type: application/json; charset=utf-8
host: localhost:20497
accept: */*

Response DefaultHttpResponse(decodeResult: success, version: HTTP/1.1)
HTTP/1.1 200 OK
Content-Length: 95
Content-Type: application/json; charset=utf-8
cache-control: no-cache

10:16:39.494 [AsyncHttpClient-1-2] DEBUG org.asynchttpclient.netty.channel.ChannelManager - Adding key: http://localhost:20497 for channel [id: 0x8698a373, L:/127.0.0.1:51090 - R:localhost/127.0.0.1:20497]
10:16:39.498 [Forwarding sendKeysToElement on session be95b9a5f7a2ebebb1ad77425e97ecce to remote] DEBUG org.asynchttpclient.netty.request.NettyRequestSender - Using pooled Channel '[id: 0x8698a373, L:/127.0.0.1:51090 - R:localhost/127.0.0.1:20497]' for 'POST' to 'http://localhost:20497/session/be95b9a5f7a2ebebb1ad77425e97ecce/element/8292A92096E0578797AC54C72632F642_element_94/value'
10:16:39.498 [Forwarding sendKeysToElement on session be95b9a5f7a2ebebb1ad77425e97ecce to remote] DEBUG org.asynchttpclient.netty.request.NettyRequestSender - Using open Channel [id: 0x8698a373, L:/127.0.0.1:51090 - R:localhost/127.0.0.1:20497] for POST '/session/be95b9a5f7a2ebebb1ad77425e97ecce/element/8292A92096E0578797AC54C72632F642_element_94/value'
10:16:40.176 [AsyncHttpClient-1-2] DEBUG org.asynchttpclient.netty.handler.HttpHandler - 

Request DefaultHttpRequest(decodeResult: success, version: HTTP/1.1)
POST /session/be95b9a5f7a2ebebb1ad77425e97ecce/element/8292A92096E0578797AC54C72632F642_element_94/value HTTP/1.1
User-Agent: selenium/4.8.2 (java windows)
Content-Length: 102
Content-Type: application/json; charset=utf-8
host: localhost:20497
accept: */*

Response DefaultHttpResponse(decodeResult: success, version: HTTP/1.1)
HTTP/1.1 200 OK
Content-Length: 14
Content-Type: application/json; charset=utf-8
cache-control: no-cache

10:16:40.176 [AsyncHttpClient-1-2] DEBUG org.asynchttpclient.netty.channel.ChannelManager - Adding key: http://localhost:20497 for channel [id: 0x8698a373, L:/127.0.0.1:51090 - R:localhost/127.0.0.1:20497]
10:16:40.179 [Forwarding findElement on session be95b9a5f7a2ebebb1ad77425e97ecce to remote] DEBUG org.asynchttpclient.netty.request.NettyRequestSender - Using pooled Channel '[id: 0x8698a373, L:/127.0.0.1:51090 - R:localhost/127.0.0.1:20497]' for 'POST' to 'http://localhost:20497/session/be95b9a5f7a2ebebb1ad77425e97ecce/element'
10:16:40.179 [Forwarding findElement on session be95b9a5f7a2ebebb1ad77425e97ecce to remote] DEBUG org.asynchttpclient.netty.request.NettyRequestSender - Using open Channel [id: 0x8698a373, L:/127.0.0.1:51090 - R:localhost/127.0.0.1:20497] for POST '/session/be95b9a5f7a2ebebb1ad77425e97ecce/element'
10:16:40.191 [AsyncHttpClient-1-2] DEBUG org.asynchttpclient.netty.handler.HttpHandler - 

Request DefaultHttpRequest(decodeResult: success, version: HTTP/1.1)
POST /session/be95b9a5f7a2ebebb1ad77425e97ecce/element HTTP/1.1
User-Agent: selenium/4.8.2 (java windows)
Content-Length: 61
Content-Type: application/json; charset=utf-8
host: localhost:20497
accept: */*

Response DefaultHttpResponse(decodeResult: success, version: HTTP/1.1)
HTTP/1.1 200 OK
Content-Length: 95
Content-Type: application/json; charset=utf-8
cache-control: no-cache

10:16:40.192 [AsyncHttpClient-1-2] DEBUG org.asynchttpclient.netty.channel.ChannelManager - Adding key: http://localhost:20497 for channel [id: 0x8698a373, L:/127.0.0.1:51090 - R:localhost/127.0.0.1:20497]
10:16:40.194 [Forwarding clickElement on session be95b9a5f7a2ebebb1ad77425e97ecce to remote] DEBUG org.asynchttpclient.netty.request.NettyRequestSender - Using pooled Channel '[id: 0x8698a373, L:/127.0.0.1:51090 - R:localhost/127.0.0.1:20497]' for 'POST' to 'http://localhost:20497/session/be95b9a5f7a2ebebb1ad77425e97ecce/element/8292A92096E0578797AC54C72632F642_element_94/click'
10:16:40.194 [Forwarding clickElement on session be95b9a5f7a2ebebb1ad77425e97ecce to remote] DEBUG org.asynchttpclient.netty.request.NettyRequestSender - Using open Channel [id: 0x8698a373, L:/127.0.0.1:51090 - R:localhost/127.0.0.1:20497] for POST '/session/be95b9a5f7a2ebebb1ad77425e97ecce/element/8292A92096E0578797AC54C72632F642_element_94/click'
10:16:40.245 [AsyncHttpClient-1-2] DEBUG org.asynchttpclient.netty.handler.HttpHandler - 

Request DefaultHttpRequest(decodeResult: success, version: HTTP/1.1)
POST /session/be95b9a5f7a2ebebb1ad77425e97ecce/element/8292A92096E0578797AC54C72632F642_element_94/click HTTP/1.1
User-Agent: selenium/4.8.2 (java windows)
Content-Length: 57
Content-Type: application/json; charset=utf-8
host: localhost:20497
accept: */*

Response DefaultHttpResponse(decodeResult: success, version: HTTP/1.1)
HTTP/1.1 200 OK
Content-Length: 14
Content-Type: application/json; charset=utf-8
cache-control: no-cache

10:16:40.246 [AsyncHttpClient-1-2] DEBUG org.asynchttpclient.netty.channel.ChannelManager - Adding key: http://localhost:20497 for channel [id: 0x8698a373, L:/127.0.0.1:51090 - R:localhost/127.0.0.1:20497]
10:16:40.248 [Forwarding findElement on session be95b9a5f7a2ebebb1ad77425e97ecce to remote] DEBUG org.asynchttpclient.netty.request.NettyRequestSender - Using pooled Channel '[id: 0x8698a373, L:/127.0.0.1:51090 - R:localhost/127.0.0.1:20497]' for 'POST' to 'http://localhost:20497/session/be95b9a5f7a2ebebb1ad77425e97ecce/element'
10:16:40.248 [Forwarding findElement on session be95b9a5f7a2ebebb1ad77425e97ecce to remote] DEBUG org.asynchttpclient.netty.request.NettyRequestSender - Using open Channel [id: 0x8698a373, L:/127.0.0.1:51090 - R:localhost/127.0.0.1:20497] for POST '/session/be95b9a5f7a2ebebb1ad77425e97ecce/element'
10:16:40.252 [AsyncHttpClient-1-2] DEBUG org.asynchttpclient.netty.handler.HttpHandler - 

Request DefaultHttpRequest(decodeResult: success, version: HTTP/1.1)
POST /session/be95b9a5f7a2ebebb1ad77425e97ecce/element HTTP/1.1
User-Agent: selenium/4.8.2 (java windows)
Content-Length: 61
Content-Type: application/json; charset=utf-8
host: localhost:20497
accept: */*

Response DefaultHttpResponse(decodeResult: success, version: HTTP/1.1)
HTTP/1.1 200 OK
Content-Length: 95
Content-Type: application/json; charset=utf-8
cache-control: no-cache

10:16:40.252 [AsyncHttpClient-1-2] DEBUG org.asynchttpclient.netty.channel.ChannelManager - Adding key: http://localhost:20497 for channel [id: 0x8698a373, L:/127.0.0.1:51090 - R:localhost/127.0.0.1:20497]
10:16:40.252 [Forwarding sendKeysToElement on session be95b9a5f7a2ebebb1ad77425e97ecce to remote] DEBUG org.asynchttpclient.netty.request.NettyRequestSender - Using pooled Channel '[id: 0x8698a373, L:/127.0.0.1:51090 - R:localhost/127.0.0.1:20497]' for 'POST' to 'http://localhost:20497/session/be95b9a5f7a2ebebb1ad77425e97ecce/element/8292A92096E0578797AC54C72632F642_element_94/value'
10:16:40.252 [Forwarding sendKeysToElement on session be95b9a5f7a2ebebb1ad77425e97ecce to remote] DEBUG org.asynchttpclient.netty.request.NettyRequestSender - Using open Channel [id: 0x8698a373, L:/127.0.0.1:51090 - R:localhost/127.0.0.1:20497] for POST '/session/be95b9a5f7a2ebebb1ad77425e97ecce/element/8292A92096E0578797AC54C72632F642_element_94/value'
10:16:40.467 [AsyncHttpClient-1-1] DEBUG org.asynchttpclient.netty.channel.DefaultChannelPool - Entry count for : http://localhost:51091 : 1
10:16:40.683 [AsyncHttpClient-1-2] DEBUG org.asynchttpclient.netty.handler.HttpHandler - 

Request DefaultHttpRequest(decodeResult: success, version: HTTP/1.1)
POST /session/be95b9a5f7a2ebebb1ad77425e97ecce/element/8292A92096E0578797AC54C72632F642_element_94/value HTTP/1.1
User-Agent: selenium/4.8.2 (java windows)
Content-Length: 148
Content-Type: application/json; charset=utf-8
host: localhost:20497
accept: */*

Response DefaultHttpResponse(decodeResult: success, version: HTTP/1.1)
HTTP/1.1 200 OK
Content-Length: 14
Content-Type: application/json; charset=utf-8
cache-control: no-cache

10:16:40.684 [AsyncHttpClient-1-2] DEBUG org.asynchttpclient.netty.channel.ChannelManager - Adding key: http://localhost:20497 for channel [id: 0x8698a373, L:/127.0.0.1:51090 - R:localhost/127.0.0.1:20497]
[...]

10:16:48.272 [AsyncHttpClient-1-2] DEBUG org.asynchttpclient.netty.channel.ChannelManager - Adding key: http://localhost:20497 for channel [id: 0x8698a373, L:/127.0.0.1:51090 - R:localhost/127.0.0.1:20497]
10:16:48.276 [Forwarding sendKeysToElement on session be95b9a5f7a2ebebb1ad77425e97ecce to remote] DEBUG org.asynchttpclient.netty.request.NettyRequestSender - Using pooled Channel '[id: 0x8698a373, L:/127.0.0.1:51090 - R:localhost/127.0.0.1:20497]' for 'POST' to 'http://localhost:20497/session/be95b9a5f7a2ebebb1ad77425e97ecce/element/8292A92096E0578797AC54C72632F642_element_94/value'
10:16:48.276 [Forwarding sendKeysToElement on session be95b9a5f7a2ebebb1ad77425e97ecce to remote] DEBUG org.asynchttpclient.netty.request.NettyRequestSender - Using open Channel [id: 0x8698a373, L:/127.0.0.1:51090 - R:localhost/127.0.0.1:20497] for POST '/session/be95b9a5f7a2ebebb1ad77425e97ecce/element/8292A92096E0578797AC54C72632F642_element_94/value'
10:16:48.458 [AsyncHttpClient-1-2] DEBUG org.asynchttpclient.netty.handler.HttpHandler - 

Request DefaultHttpRequest(decodeResult: success, version: HTTP/1.1)
POST /session/be95b9a5f7a2ebebb1ad77425e97ecce/element/8292A92096E0578797AC54C72632F642_element_94/value HTTP/1.1
User-Agent: selenium/4.8.2 (java windows)
Content-Length: 112
Content-Type: application/json; charset=utf-8
host: localhost:20497
accept: */*

Response DefaultHttpResponse(decodeResult: success, version: HTTP/1.1)
HTTP/1.1 200 OK
Content-Length: 14
Content-Type: application/json; charset=utf-8
cache-control: no-cache

10:16:48.458 [AsyncHttpClient-1-2] DEBUG org.asynchttpclient.netty.channel.ChannelManager - Adding key: http://localhost:20497 for channel [id: 0x8698a373, L:/127.0.0.1:51090 - R:localhost/127.0.0.1:20497]
10:16:48.460 [Forwarding findElement on session be95b9a5f7a2ebebb1ad77425e97ecce to remote] DEBUG org.asynchttpclient.netty.request.NettyRequestSender - Using pooled Channel '[id: 0x8698a373, L:/127.0.0.1:51090 - R:localhost/127.0.0.1:20497]' for 'POST' to 'http://localhost:20497/session/be95b9a5f7a2ebebb1ad77425e97ecce/element'
10:16:48.460 [Forwarding findElement on session be95b9a5f7a2ebebb1ad77425e97ecce to remote] DEBUG org.asynchttpclient.netty.request.NettyRequestSender - Using open Channel [id: 0x8698a373, L:/127.0.0.1:51090 - R:localhost/127.0.0.1:20497] for POST '/session/be95b9a5f7a2ebebb1ad77425e97ecce/element'
10:16:48.492 [AsyncHttpClient-1-2] DEBUG org.asynchttpclient.netty.handler.HttpHandler - 

Request DefaultHttpRequest(decodeResult: success, version: HTTP/1.1)
POST /session/be95b9a5f7a2ebebb1ad77425e97ecce/element HTTP/1.1
User-Agent: selenium/4.8.2 (java windows)
Content-Length: 61
Content-Type: application/json; charset=utf-8
host: localhost:20497
accept: */*

Response DefaultHttpResponse(decodeResult: success, version: HTTP/1.1)
HTTP/1.1 200 OK
Content-Length: 95
Content-Type: application/json; charset=utf-8
cache-control: no-cache

10:16:48.497 [AsyncHttpClient-1-2] DEBUG org.asynchttpclient.netty.channel.ChannelManager - Adding key: http://localhost:20497 for channel [id: 0x8698a373, L:/127.0.0.1:51090 - R:localhost/127.0.0.1:20497]
10:16:48.499 [Forwarding sendKeysToElement on session be95b9a5f7a2ebebb1ad77425e97ecce to remote] DEBUG org.asynchttpclient.netty.request.NettyRequestSender - Using pooled Channel '[id: 0x8698a373, L:/127.0.0.1:51090 - R:localhost/127.0.0.1:20497]' for 'POST' to 'http://localhost:20497/session/be95b9a5f7a2ebebb1ad77425e97ecce/element/8292A92096E0578797AC54C72632F642_element_94/value'
10:16:48.499 [Forwarding sendKeysToElement on session be95b9a5f7a2ebebb1ad77425e97ecce to remote] DEBUG org.asynchttpclient.netty.request.NettyRequestSender - Using open Channel [id: 0x8698a373, L:/127.0.0.1:51090 - R:localhost/127.0.0.1:20497] for POST '/session/be95b9a5f7a2ebebb1ad77425e97ecce/element/8292A92096E0578797AC54C72632F642_element_94/value'
10:16:48.639 [AsyncHttpClient-1-2] DEBUG org.asynchttpclient.netty.handler.HttpHandler - 

Request DefaultHttpRequest(decodeResult: success, version: HTTP/1.1)
POST /session/be95b9a5f7a2ebebb1ad77425e97ecce/element/8292A92096E0578797AC54C72632F642_element_94/value HTTP/1.1
User-Agent: selenium/4.8.2 (java windows)
Content-Length: 102
Content-Type: application/json; charset=utf-8
host: localhost:20497
accept: */*

Response DefaultHttpResponse(decodeResult: success, version: HTTP/1.1)
HTTP/1.1 200 OK
Content-Length: 14
Content-Type: application/json; charset=utf-8
cache-control: no-cache

10:16:48.639 [AsyncHttpClient-1-2] DEBUG org.asynchttpclient.netty.channel.ChannelManager - Adding key: http://localhost:20497 for channel [id: 0x8698a373, L:/127.0.0.1:51090 - R:localhost/127.0.0.1:20497]
10:16:48.641 [Forwarding findElement on session be95b9a5f7a2ebebb1ad77425e97ecce to remote] DEBUG org.asynchttpclient.netty.request.NettyRequestSender - Using pooled Channel '[id: 0x8698a373, L:/127.0.0.1:51090 - R:localhost/127.0.0.1:20497]' for 'POST' to 'http://localhost:20497/session/be95b9a5f7a2ebebb1ad77425e97ecce/element'
10:16:48.641 [Forwarding findElement on session be95b9a5f7a2ebebb1ad77425e97ecce to remote] DEBUG org.asynchttpclient.netty.request.NettyRequestSender - Using open Channel [id: 0x8698a373, L:/127.0.0.1:51090 - R:localhost/127.0.0.1:20497] for POST '/session/be95b9a5f7a2ebebb1ad77425e97ecce/element'
10:16:48.680 [AsyncHttpClient-1-2] DEBUG org.asynchttpclient.netty.handler.HttpHandler - 

Request DefaultHttpRequest(decodeResult: success, version: HTTP/1.1)
POST /session/be95b9a5f7a2ebebb1ad77425e97ecce/element HTTP/1.1
User-Agent: selenium/4.8.2 (java windows)
Content-Length: 61
Content-Type: application/json; charset=utf-8
host: localhost:20497
accept: */*

Response DefaultHttpResponse(decodeResult: success, version: HTTP/1.1)
HTTP/1.1 200 OK
Content-Length: 95
Content-Type: application/json; charset=utf-8
cache-control: no-cache

10:16:48.681 [AsyncHttpClient-1-2] DEBUG org.asynchttpclient.netty.channel.ChannelManager - Adding key: http://localhost:20497 for channel [id: 0x8698a373, L:/127.0.0.1:51090 - R:localhost/127.0.0.1:20497]
10:16:48.683 [Forwarding clickElement on session be95b9a5f7a2ebebb1ad77425e97ecce to remote] DEBUG org.asynchttpclient.netty.request.NettyRequestSender - Using pooled Channel '[id: 0x8698a373, L:/127.0.0.1:51090 - R:localhost/127.0.0.1:20497]' for 'POST' to 'http://localhost:20497/session/be95b9a5f7a2ebebb1ad77425e97ecce/element/8292A92096E0578797AC54C72632F642_element_94/click'
10:16:48.683 [Forwarding clickElement on session be95b9a5f7a2ebebb1ad77425e97ecce to remote] DEBUG org.asynchttpclient.netty.request.NettyRequestSender - Using open Channel [id: 0x8698a373, L:/127.0.0.1:51090 - R:localhost/127.0.0.1:20497] for POST '/session/be95b9a5f7a2ebebb1ad77425e97ecce/element/8292A92096E0578797AC54C72632F642_element_94/click'
10:16:48.736 [AsyncHttpClient-1-2] DEBUG org.asynchttpclient.netty.handler.HttpHandler - 

Request DefaultHttpRequest(decodeResult: success, version: HTTP/1.1)
POST /session/be95b9a5f7a2ebebb1ad77425e97ecce/element/8292A92096E0578797AC54C72632F642_element_94/click HTTP/1.1
User-Agent: selenium/4.8.2 (java windows)
Content-Length: 57
Content-Type: application/json; charset=utf-8
host: localhost:20497
accept: */*

Response DefaultHttpResponse(decodeResult: success, version: HTTP/1.1)
HTTP/1.1 200 OK
Content-Length: 14
Content-Type: application/json; charset=utf-8
cache-control: no-cache

10:16:48.736 [AsyncHttpClient-1-2] DEBUG org.asynchttpclient.netty.channel.ChannelManager - Adding key: http://localhost:20497 for channel [id: 0x8698a373, L:/127.0.0.1:51090 - R:localhost/127.0.0.1:20497]
10:16:48.742 [Forwarding findElement on session be95b9a5f7a2ebebb1ad77425e97ecce to remote] DEBUG org.asynchttpclient.netty.request.NettyRequestSender - Using pooled Channel '[id: 0x8698a373, L:/127.0.0.1:51090 - R:localhost/127.0.0.1:20497]' for 'POST' to 'http://localhost:20497/session/be95b9a5f7a2ebebb1ad77425e97ecce/element'
10:16:48.742 [Forwarding findElement on session be95b9a5f7a2ebebb1ad77425e97ecce to remote] DEBUG org.asynchttpclient.netty.request.NettyRequestSender - Using open Channel [id: 0x8698a373, L:/127.0.0.1:51090 - R:localhost/127.0.0.1:20497] for POST '/session/be95b9a5f7a2ebebb1ad77425e97ecce/element'
10:16:48.752 [AsyncHttpClient-1-2] DEBUG org.asynchttpclient.netty.handler.HttpHandler - 

Request DefaultHttpRequest(decodeResult: success, version: HTTP/1.1)
POST /session/be95b9a5f7a2ebebb1ad77425e97ecce/element HTTP/1.1
User-Agent: selenium/4.8.2 (java windows)
Content-Length: 61
Content-Type: application/json; charset=utf-8
host: localhost:20497
accept: */*

Response DefaultHttpResponse(decodeResult: success, version: HTTP/1.1)
HTTP/1.1 200 OK
Content-Length: 95
Content-Type: application/json; charset=utf-8
cache-control: no-cache

10:16:48.752 [AsyncHttpClient-1-2] DEBUG org.asynchttpclient.netty.channel.ChannelManager - Adding key: http://localhost:20497 for channel [id: 0x8698a373, L:/127.0.0.1:51090 - R:localhost/127.0.0.1:20497]
10:16:48.758 [Forwarding sendKeysToElement on session be95b9a5f7a2ebebb1ad77425e97ecce to remote] DEBUG org.asynchttpclient.netty.request.NettyRequestSender - Using pooled Channel '[id: 0x8698a373, L:/127.0.0.1:51090 - R:localhost/127.0.0.1:20497]' for 'POST' to 'http://localhost:20497/session/be95b9a5f7a2ebebb1ad77425e97ecce/element/8292A92096E0578797AC54C72632F642_element_94/value'
10:16:48.758 [Forwarding sendKeysToElement on session be95b9a5f7a2ebebb1ad77425e97ecce to remote] DEBUG org.asynchttpclient.netty.request.NettyRequestSender - Using open Channel [id: 0x8698a373, L:/127.0.0.1:51090 - R:localhost/127.0.0.1:20497] for POST '/session/be95b9a5f7a2ebebb1ad77425e97ecce/element/8292A92096E0578797AC54C72632F642_element_94/value'
10:16:48.886 [AsyncHttpClient-1-2] DEBUG org.asynchttpclient.netty.handler.HttpHandler - 

Request DefaultHttpRequest(decodeResult: success, version: HTTP/1.1)
POST /session/be95b9a5f7a2ebebb1ad77425e97ecce/element/8292A92096E0578797AC54C72632F642_element_94/value HTTP/1.1
User-Agent: selenium/4.8.2 (java windows)
Content-Length: 98
Content-Type: application/json; charset=utf-8
host: localhost:20497
accept: */*

Response DefaultHttpResponse(decodeResult: success, version: HTTP/1.1)
HTTP/1.1 200 OK
Content-Length: 14
Content-Type: application/json; charset=utf-8
cache-control: no-cache

10:16:48.886 [AsyncHttpClient-1-2] DEBUG org.asynchttpclient.netty.channel.ChannelManager - Adding key: http://localhost:20497 for channel [id: 0x8698a373, L:/127.0.0.1:51090 - R:localhost/127.0.0.1:20497]
10:16:48.888 [Forwarding findElement on session be95b9a5f7a2ebebb1ad77425e97ecce to remote] DEBUG org.asynchttpclient.netty.request.NettyRequestSender - Using pooled Channel '[id: 0x8698a373, L:/127.0.0.1:51090 - R:localhost/127.0.0.1:20497]' for 'POST' to 'http://localhost:20497/session/be95b9a5f7a2ebebb1ad77425e97ecce/element'
10:16:48.888 [Forwarding findElement on session be95b9a5f7a2ebebb1ad77425e97ecce to remote] DEBUG org.asynchttpclient.netty.request.NettyRequestSender - Using open Channel [id: 0x8698a373, L:/127.0.0.1:51090 - R:localhost/127.0.0.1:20497] for POST '/session/be95b9a5f7a2ebebb1ad77425e97ecce/element'
10:16:48.924 [AsyncHttpClient-1-2] DEBUG org.asynchttpclient.netty.handler.HttpHandler - 

Request DefaultHttpRequest(decodeResult: success, version: HTTP/1.1)
POST /session/be95b9a5f7a2ebebb1ad77425e97ecce/element HTTP/1.1
User-Agent: selenium/4.8.2 (java windows)
Content-Length: 142
Content-Type: application/json; charset=utf-8
host: localhost:20497
accept: */*

Response DefaultHttpResponse(decodeResult: success, version: HTTP/1.1)
HTTP/1.1 200 OK
Content-Length: 95
Content-Type: application/json; charset=utf-8
cache-control: no-cache

10:16:48.925 [AsyncHttpClient-1-2] DEBUG org.asynchttpclient.netty.channel.ChannelManager - Adding key: http://localhost:20497 for channel [id: 0x8698a373, L:/127.0.0.1:51090 - R:localhost/127.0.0.1:20497]
10:16:48.928 [Forwarding isElementDisplayed on session be95b9a5f7a2ebebb1ad77425e97ecce to remote] DEBUG org.asynchttpclient.netty.request.NettyRequestSender - Using pooled Channel '[id: 0x8698a373, L:/127.0.0.1:51090 - R:localhost/127.0.0.1:20497]' for 'POST' to 'http://localhost:20497/session/be95b9a5f7a2ebebb1ad77425e97ecce/execute/sync'
10:16:48.928 [Forwarding isElementDisplayed on session be95b9a5f7a2ebebb1ad77425e97ecce to remote] DEBUG org.asynchttpclient.netty.request.NettyRequestSender - Using open Channel [id: 0x8698a373, L:/127.0.0.1:51090 - R:localhost/127.0.0.1:20497] for POST '/session/be95b9a5f7a2ebebb1ad77425e97ecce/execute/sync'
10:16:48.936 [AsyncHttpClient-1-2] DEBUG org.asynchttpclient.netty.handler.HttpHandler - 

Request DefaultHttpRequest(decodeResult: success, version: HTTP/1.1)
POST /session/be95b9a5f7a2ebebb1ad77425e97ecce/execute/sync HTTP/1.1
User-Agent: selenium/4.8.2 (java windows)
Content-Length: 48814
Content-Type: application/json; charset=utf-8
host: localhost:20497
accept: */*

Response DefaultHttpResponse(decodeResult: success, version: HTTP/1.1)
HTTP/1.1 200 OK
Content-Length: 14
Content-Type: application/json; charset=utf-8
cache-control: no-cache

10:16:48.936 [AsyncHttpClient-1-2] DEBUG org.asynchttpclient.netty.channel.ChannelManager - Adding key: http://localhost:20497 for channel [id: 0x8698a373, L:/127.0.0.1:51090 - R:localhost/127.0.0.1:20497]
10:16:48.946 [Forwarding findElement on session be95b9a5f7a2ebebb1ad77425e97ecce to remote] DEBUG org.asynchttpclient.netty.request.NettyRequestSender - Using pooled Channel '[id: 0x8698a373, L:/127.0.0.1:51090 - R:localhost/127.0.0.1:20497]' for 'POST' to 'http://localhost:20497/session/be95b9a5f7a2ebebb1ad77425e97ecce/element'
10:16:48.946 [Forwarding findElement on session be95b9a5f7a2ebebb1ad77425e97ecce to remote] DEBUG org.asynchttpclient.netty.request.NettyRequestSender - Using open Channel [id: 0x8698a373, L:/127.0.0.1:51090 - R:localhost/127.0.0.1:20497] for POST '/session/be95b9a5f7a2ebebb1ad77425e97ecce/element'
10:16:48.957 [AsyncHttpClient-1-2] DEBUG org.asynchttpclient.netty.handler.HttpHandler - 

Request DefaultHttpRequest(decodeResult: success, version: HTTP/1.1)
POST /session/be95b9a5f7a2ebebb1ad77425e97ecce/element HTTP/1.1
User-Agent: selenium/4.8.2 (java windows)
Content-Length: 142
Content-Type: application/json; charset=utf-8
host: localhost:20497
accept: */*

Response DefaultHttpResponse(decodeResult: success, version: HTTP/1.1)
HTTP/1.1 200 OK
Content-Length: 95
Content-Type: application/json; charset=utf-8
cache-control: no-cache

10:16:48.958 [AsyncHttpClient-1-2] DEBUG org.asynchttpclient.netty.channel.ChannelManager - Adding key: http://localhost:20497 for channel [id: 0x8698a373, L:/127.0.0.1:51090 - R:localhost/127.0.0.1:20497]
10:16:48.960 [Forwarding clickElement on session be95b9a5f7a2ebebb1ad77425e97ecce to remote] DEBUG org.asynchttpclient.netty.request.NettyRequestSender - Using pooled Channel '[id: 0x8698a373, L:/127.0.0.1:51090 - R:localhost/127.0.0.1:20497]' for 'POST' to 'http://localhost:20497/session/be95b9a5f7a2ebebb1ad77425e97ecce/element/8292A92096E0578797AC54C72632F642_element_96/click'
10:16:48.960 [Forwarding clickElement on session be95b9a5f7a2ebebb1ad77425e97ecce to remote] DEBUG org.asynchttpclient.netty.request.NettyRequestSender - Using open Channel [id: 0x8698a373, L:/127.0.0.1:51090 - R:localhost/127.0.0.1:20497] for POST '/session/be95b9a5f7a2ebebb1ad77425e97ecce/element/8292A92096E0578797AC54C72632F642_element_96/click'
10:16:49.097 [AsyncHttpClient-1-2] DEBUG org.asynchttpclient.netty.handler.HttpHandler - 

Request DefaultHttpRequest(decodeResult: success, version: HTTP/1.1)
POST /session/be95b9a5f7a2ebebb1ad77425e97ecce/element/8292A92096E0578797AC54C72632F642_element_96/click HTTP/1.1
User-Agent: selenium/4.8.2 (java windows)
Content-Length: 57
Content-Type: application/json; charset=utf-8
host: localhost:20497
accept: */*

Response DefaultHttpResponse(decodeResult: success, version: HTTP/1.1)
HTTP/1.1 200 OK
Content-Length: 14
Content-Type: application/json; charset=utf-8
cache-control: no-cache

10:16:49.097 [AsyncHttpClient-1-2] DEBUG org.asynchttpclient.netty.channel.ChannelManager - Adding key: http://localhost:20497 for channel [id: 0x8698a373, L:/127.0.0.1:51090 - R:localhost/127.0.0.1:20497]
10:16:49.097 [Forwarding findElement on session be95b9a5f7a2ebebb1ad77425e97ecce to remote] DEBUG org.asynchttpclient.netty.request.NettyRequestSender - Using pooled Channel '[id: 0x8698a373, L:/127.0.0.1:51090 - R:localhost/127.0.0.1:20497]' for 'POST' to 'http://localhost:20497/session/be95b9a5f7a2ebebb1ad77425e97ecce/element'
10:16:49.097 [Forwarding findElement on session be95b9a5f7a2ebebb1ad77425e97ecce to remote] DEBUG org.asynchttpclient.netty.request.NettyRequestSender - Using open Channel [id: 0x8698a373, L:/127.0.0.1:51090 - R:localhost/127.0.0.1:20497] for POST '/session/be95b9a5f7a2ebebb1ad77425e97ecce/element'
10:16:49.113 [AsyncHttpClient-1-2] DEBUG org.asynchttpclient.netty.handler.HttpHandler - 

Request DefaultHttpRequest(decodeResult: success, version: HTTP/1.1)
POST /session/be95b9a5f7a2ebebb1ad77425e97ecce/element HTTP/1.1
User-Agent: selenium/4.8.2 (java windows)
Content-Length: 86
Content-Type: application/json; charset=utf-8
host: localhost:20497
accept: */*

Response DefaultHttpResponse(decodeResult: success, version: HTTP/1.1)
HTTP/1.1 200 OK
Content-Length: 96
Content-Type: application/json; charset=utf-8
cache-control: no-cache

10:16:49.114 [AsyncHttpClient-1-2] DEBUG org.asynchttpclient.netty.channel.ChannelManager - Adding key: http://localhost:20497 for channel [id: 0x8698a373, L:/127.0.0.1:51090 - R:localhost/127.0.0.1:20497]
10:16:49.117 [Forwarding isElementDisplayed on session be95b9a5f7a2ebebb1ad77425e97ecce to remote] DEBUG org.asynchttpclient.netty.request.NettyRequestSender - Using pooled Channel '[id: 0x8698a373, L:/127.0.0.1:51090 - R:localhost/127.0.0.1:20497]' for 'POST' to 'http://localhost:20497/session/be95b9a5f7a2ebebb1ad77425e97ecce/execute/sync'
10:16:49.117 [Forwarding isElementDisplayed on session be95b9a5f7a2ebebb1ad77425e97ecce to remote] DEBUG org.asynchttpclient.netty.request.NettyRequestSender - Using open Channel [id: 0x8698a373, L:/127.0.0.1:51090 - R:localhost/127.0.0.1:20497] for POST '/session/be95b9a5f7a2ebebb1ad77425e97ecce/execute/sync'
10:16:49.132 [AsyncHttpClient-1-2] DEBUG org.asynchttpclient.netty.handler.HttpHandler - 

Request DefaultHttpRequest(decodeResult: success, version: HTTP/1.1)
POST /session/be95b9a5f7a2ebebb1ad77425e97ecce/execute/sync HTTP/1.1
User-Agent: selenium/4.8.2 (java windows)
Content-Length: 48815
Content-Type: application/json; charset=utf-8
host: localhost:20497
accept: */*

Response DefaultHttpResponse(decodeResult: success, version: HTTP/1.1)
HTTP/1.1 200 OK
Content-Length: 14
Content-Type: application/json; charset=utf-8
cache-control: no-cache

10:16:49.133 [AsyncHttpClient-1-2] DEBUG org.asynchttpclient.netty.channel.ChannelManager - Adding key: http://localhost:20497 for channel [id: 0x8698a373, L:/127.0.0.1:51090 - R:localhost/127.0.0.1:20497]
]]></system-out>
  <system-err><![CDATA[Starting ChromeDriver 121.0.6167.85 (3f98d690ad7e59242ef110144c757b2ac4eef1a2-refs/branch-heads/6167@{#1539}) on port 20497
Only local connections are allowed.
Please see https://chromedriver.chromium.org/security-considerations for suggestions on keeping ChromeDriver safe.
ChromeDriver was started successfully.
февр. 02, 2024 10:16:03 AM org.openqa.selenium.devtools.CdpVersionFinder findNearestMatch
WARNING: Unable to find CDP implementation matching 121
февр. 02, 2024 10:16:03 AM org.openqa.selenium.chromium.ChromiumDriver lambda$new$3
WARNING: Unable to find version of CDP to use for . You may need to include a dependency on a specific version of the CDP using something similar to `org.seleniumhq.selenium:selenium-devtools-v86:4.8.2` where the version ("v86") matches the version of the chromium-based browser you're using and the version number of the artifact is the same as Selenium's.
]]></system-err>
</testsuite>
